This is pdfTeX, Version 3.14159265-2.6-1.40.15 (TeX Live 2015/dev/Debian) (preloaded format=pdflatex 2015.6.2)  8 SEP 2015 18:03
entering extended mode
 restricted \write18 enabled.
 %&-line parsing enabled.
**main.tex
(./main.tex
LaTeX2e <2014/05/01>
Babel <3.9l> and hyphenation patterns for 79 languages loaded.
(/usr/share/texlive/texmf-dist/tex/latex/base/article.cls
Document Class: article 2014/09/29 v1.4h Standard LaTeX document class
(/usr/share/texlive/texmf-dist/tex/latex/base/size10.clo
File: size10.clo 2014/09/29 v1.4h Standard LaTeX file (size option)
)
\c@part=\count79
\c@section=\count80
\c@subsection=\count81
\c@subsubsection=\count82
\c@paragraph=\count83
\c@subparagraph=\count84
\c@figure=\count85
\c@table=\count86
\abovecaptionskip=\skip41
\belowcaptionskip=\skip42
\bibindent=\dimen102
) (../mymacros.tex
(/usr/share/texlive/texmf-dist/tex/latex/amscls/amsthm.sty
Package: amsthm 2009/07/02 v2.20.1
\thm@style=\toks14
\thm@bodyfont=\toks15
\thm@headfont=\toks16
\thm@notefont=\toks17
\thm@headpunct=\toks18
\thm@preskip=\skip43
\thm@postskip=\skip44
\thm@headsep=\skip45
\dth@everypar=\toks19
)
(/usr/share/texlive/texmf-dist/tex/latex/amsmath/amsmath.sty
Package: amsmath 2013/01/14 v2.14 AMS math features
\@mathmargin=\skip46

For additional information on amsmath, use the `?' option.
(/usr/share/texlive/texmf-dist/tex/latex/amsmath/amstext.sty
Package: amstext 2000/06/29 v2.01

(/usr/share/texlive/texmf-dist/tex/latex/amsmath/amsgen.sty
File: amsgen.sty 1999/11/30 v2.0
\@emptytoks=\toks20
\ex@=\dimen103
))
(/usr/share/texlive/texmf-dist/tex/latex/amsmath/amsbsy.sty
Package: amsbsy 1999/11/29 v1.2d
\pmbraise@=\dimen104
)
(/usr/share/texlive/texmf-dist/tex/latex/amsmath/amsopn.sty
Package: amsopn 1999/12/14 v2.01 operator names
)
\inf@bad=\count87
LaTeX Info: Redefining \frac on input line 210.
\uproot@=\count88
\leftroot@=\count89
LaTeX Info: Redefining \overline on input line 306.
\classnum@=\count90
\DOTSCASE@=\count91
LaTeX Info: Redefining \ldots on input line 378.
LaTeX Info: Redefining \dots on input line 381.
LaTeX Info: Redefining \cdots on input line 466.
\Mathstrutbox@=\box26
\strutbox@=\box27
\big@size=\dimen105
LaTeX Font Info:    Redeclaring font encoding OML on input line 566.
LaTeX Font Info:    Redeclaring font encoding OMS on input line 567.
\macc@depth=\count92
\c@MaxMatrixCols=\count93
\dotsspace@=\muskip10
\c@parentequation=\count94
\dspbrk@lvl=\count95
\tag@help=\toks21
\row@=\count96
\column@=\count97
\maxfields@=\count98
\andhelp@=\toks22
\eqnshift@=\dimen106
\alignsep@=\dimen107
\tagshift@=\dimen108
\tagwidth@=\dimen109
\totwidth@=\dimen110
\lineht@=\dimen111
\@envbody=\toks23
\multlinegap=\skip47
\multlinetaggap=\skip48
\mathdisplay@stack=\toks24
LaTeX Info: Redefining \[ on input line 2665.
LaTeX Info: Redefining \] on input line 2666.
)
(/usr/share/texlive/texmf-dist/tex/latex/amsfonts/amssymb.sty
Package: amssymb 2013/01/14 v3.01 AMS font symbols

(/usr/share/texlive/texmf-dist/tex/latex/amsfonts/amsfonts.sty
Package: amsfonts 2013/01/14 v3.01 Basic AMSFonts support
\symAMSa=\mathgroup4
\symAMSb=\mathgroup5
LaTeX Font Info:    Overwriting math alphabet `\mathfrak' in version `bold'
(Font)                  U/euf/m/n --> U/euf/b/n on input line 106.
))
(/usr/share/texlive/texmf-dist/tex/latex/bbm-macros/bbm.sty
Package: bbm 1999/03/15 V 1.2 provides fonts for set symbols - TH
LaTeX Font Info:    Overwriting math alphabet `\mathbbm' in version `bold'
(Font)                  U/bbm/m/n --> U/bbm/bx/n on input line 33.
LaTeX Font Info:    Overwriting math alphabet `\mathbbmss' in version `bold'
(Font)                  U/bbmss/m/n --> U/bbmss/bx/n on input line 35.
)
(/usr/share/texlive/texmf-dist/tex/latex/mathtools/mathtools.sty
Package: mathtools 2014/07/16 v1.15 mathematical typesetting tools

(/usr/share/texlive/texmf-dist/tex/latex/graphics/keyval.sty
Package: keyval 2014/05/08 v1.15 key=value parser (DPC)
\KV@toks@=\toks25
)
(/usr/share/texlive/texmf-dist/tex/latex/tools/calc.sty
Package: calc 2014/10/28 v4.3 Infix arithmetic (KKT,FJ)
\calc@Acount=\count99
\calc@Bcount=\count100
\calc@Adimen=\dimen112
\calc@Bdimen=\dimen113
\calc@Askip=\skip49
\calc@Bskip=\skip50
LaTeX Info: Redefining \setlength on input line 75.
LaTeX Info: Redefining \addtolength on input line 76.
\calc@Ccount=\count101
\calc@Cskip=\skip51
)
(/usr/share/texlive/texmf-dist/tex/latex/mathtools/mhsetup.sty
Package: mhsetup 2010/01/21 v1.2a programming setup (MH)
)
LaTeX Info: Thecontrolsequence`\['isalreadyrobust on input line 129.
LaTeX Info: Thecontrolsequence`\]'isalreadyrobust on input line 129.
\g_MT_multlinerow_int=\count102
\l_MT_multwidth_dim=\dimen114
\origjot=\skip52
\l_MT_shortvdotswithinadjustabove_dim=\dimen115
\l_MT_shortvdotswithinadjustbelow_dim=\dimen116
\l_MT_above_intertext_sep=\dimen117
\l_MT_below_intertext_sep=\dimen118
\l_MT_above_shortintertext_sep=\dimen119
\l_MT_below_shortintertext_sep=\dimen120
)
(/usr/share/texlive/texmf-dist/tex/latex/subfigure/subfigure.sty
Package: subfigure 2002/03/15 v2.1.5 subfigure package
\subfigtopskip=\skip53
\subfigcapskip=\skip54
\subfigcaptopadj=\dimen121
\subfigbottomskip=\skip55
\subfigcapmargin=\dimen122
\subfiglabelskip=\skip56
\c@subfigure=\count103
\c@lofdepth=\count104
\c@subtable=\count105
\c@lotdepth=\count106

****************************************
* Local config file subfigure.cfg used *
****************************************
(/usr/share/texlive/texmf-dist/tex/latex/subfigure/subfigure.cfg)
\subfig@top=\skip57
\subfig@bottom=\skip58
)
(/usr/share/texlive/texmf-dist/tex/latex/placeins/placeins.sty
Package: placeins 2005/04/18  v 2.2
)
(/usr/share/texlive/texmf-dist/tex/latex/import/import.sty
Package: import 2009/03/23  v 5.1
)
(/usr/share/texlive/texmf-dist/tex/latex/graphics/graphicx.sty
Package: graphicx 2014/04/25 v1.0g Enhanced LaTeX Graphics (DPC,SPQR)

(/usr/share/texlive/texmf-dist/tex/latex/graphics/graphics.sty
Package: graphics 2009/02/05 v1.0o Standard LaTeX Graphics (DPC,SPQR)

(/usr/share/texlive/texmf-dist/tex/latex/graphics/trig.sty
Package: trig 1999/03/16 v1.09 sin cos tan (DPC)
)
(/usr/share/texlive/texmf-dist/tex/latex/latexconfig/graphics.cfg
File: graphics.cfg 2010/04/23 v1.9 graphics configuration of TeX Live
)
Package graphics Info: Driver file: pdftex.def on input line 91.

(/usr/share/texlive/texmf-dist/tex/latex/pdftex-def/pdftex.def
File: pdftex.def 2011/05/27 v0.06d Graphics/color for pdfTeX

(/usr/share/texlive/texmf-dist/tex/generic/oberdiek/infwarerr.sty
Package: infwarerr 2010/04/08 v1.3 Providing info/warning/error messages (HO)
)
(/usr/share/texlive/texmf-dist/tex/generic/oberdiek/ltxcmds.sty
Package: ltxcmds 2011/11/09 v1.22 LaTeX kernel commands for general use (HO)
)
\Gread@gobject=\count107
))
\Gin@req@height=\dimen123
\Gin@req@width=\dimen124
)
(/usr/share/texlive/texmf-dist/tex/latex/todonotes/todonotes.sty
Package: todonotes 2012/07/25 .dtx Todonotes source and documentation.
Package: todonotes 2012/07/25

(/usr/share/texlive/texmf-dist/tex/latex/base/ifthen.sty
Package: ifthen 2014/09/29 v1.1c Standard LaTeX ifthen package (DPC)
)
(/usr/share/texlive/texmf-dist/tex/latex/xkeyval/xkeyval.sty
Package: xkeyval 2014/05/25 v2.7 package option processing (HA)

(/usr/share/texlive/texmf-dist/tex/generic/xkeyval/xkeyval.tex
(/usr/share/texlive/texmf-dist/tex/generic/xkeyval/xkvutils.tex
\XKV@toks=\toks26
\XKV@tempa@toks=\toks27
)
\XKV@depth=\count108
File: xkeyval.tex 2014/05/25 v2.7 key=value parser (HA)
))
(/usr/share/texlive/texmf-dist/tex/latex/xcolor/xcolor.sty
Package: xcolor 2007/01/21 v2.11 LaTeX color extensions (UK)

(/usr/share/texlive/texmf-dist/tex/latex/latexconfig/color.cfg
File: color.cfg 2007/01/18 v1.5 color configuration of teTeX/TeXLive
)
Package xcolor Info: Driver file: pdftex.def on input line 225.
Package xcolor Info: Model `cmy' substituted by `cmy0' on input line 1337.
Package xcolor Info: Model `hsb' substituted by `rgb' on input line 1341.
Package xcolor Info: Model `RGB' extended on input line 1353.
Package xcolor Info: Model `HTML' substituted by `rgb' on input line 1355.
Package xcolor Info: Model `Hsb' substituted by `hsb' on input line 1356.
Package xcolor Info: Model `tHsb' substituted by `hsb' on input line 1357.
Package xcolor Info: Model `HSB' substituted by `hsb' on input line 1358.
Package xcolor Info: Model `Gray' substituted by `gray' on input line 1359.
Package xcolor Info: Model `wave' substituted by `hsb' on input line 1360.
)
(/usr/share/texlive/texmf-dist/tex/latex/pgf/frontendlayer/tikz.sty
(/usr/share/texlive/texmf-dist/tex/latex/pgf/basiclayer/pgf.sty
(/usr/share/texlive/texmf-dist/tex/latex/pgf/utilities/pgfrcs.sty
(/usr/share/texlive/texmf-dist/tex/generic/pgf/utilities/pgfutil-common.tex
\pgfutil@everybye=\toks28
\pgfutil@tempdima=\dimen125
\pgfutil@tempdimb=\dimen126

(/usr/share/texlive/texmf-dist/tex/generic/pgf/utilities/pgfutil-common-lists.t
ex)) (/usr/share/texlive/texmf-dist/tex/generic/pgf/utilities/pgfutil-latex.def
\pgfutil@abb=\box28
(/usr/share/texlive/texmf-dist/tex/latex/ms/everyshi.sty
Package: everyshi 2001/05/15 v3.00 EveryShipout Package (MS)
))
(/usr/share/texlive/texmf-dist/tex/generic/pgf/utilities/pgfrcs.code.tex
Package: pgfrcs 2013/12/20 v3.0.0 (rcs-revision 1.28)
))
Package: pgf 2013/12/18 v3.0.0 (rcs-revision 1.14)

(/usr/share/texlive/texmf-dist/tex/latex/pgf/basiclayer/pgfcore.sty
(/usr/share/texlive/texmf-dist/tex/latex/pgf/systemlayer/pgfsys.sty
(/usr/share/texlive/texmf-dist/tex/generic/pgf/systemlayer/pgfsys.code.tex
Package: pgfsys 2013/11/30 v3.0.0 (rcs-revision 1.47)

(/usr/share/texlive/texmf-dist/tex/generic/pgf/utilities/pgfkeys.code.tex
\pgfkeys@pathtoks=\toks29
\pgfkeys@temptoks=\toks30

(/usr/share/texlive/texmf-dist/tex/generic/pgf/utilities/pgfkeysfiltered.code.t
ex
\pgfkeys@tmptoks=\toks31
))
\pgf@x=\dimen127
\pgf@y=\dimen128
\pgf@xa=\dimen129
\pgf@ya=\dimen130
\pgf@xb=\dimen131
\pgf@yb=\dimen132
\pgf@xc=\dimen133
\pgf@yc=\dimen134
\w@pgf@writea=\write3
\r@pgf@reada=\read1
\c@pgf@counta=\count109
\c@pgf@countb=\count110
\c@pgf@countc=\count111
\c@pgf@countd=\count112
\t@pgf@toka=\toks32
\t@pgf@tokb=\toks33
\t@pgf@tokc=\toks34
 (/usr/share/texlive/texmf-dist/tex/generic/pgf/systemlayer/pgf.cfg
File: pgf.cfg 2008/05/14  (rcs-revision 1.7)
)
Driver file for pgf: pgfsys-pdftex.def

(/usr/share/texlive/texmf-dist/tex/generic/pgf/systemlayer/pgfsys-pdftex.def
File: pgfsys-pdftex.def 2013/07/18  (rcs-revision 1.33)

(/usr/share/texlive/texmf-dist/tex/generic/pgf/systemlayer/pgfsys-common-pdf.de
f
File: pgfsys-common-pdf.def 2013/10/10  (rcs-revision 1.13)
)))
(/usr/share/texlive/texmf-dist/tex/generic/pgf/systemlayer/pgfsyssoftpath.code.
tex
File: pgfsyssoftpath.code.tex 2013/09/09  (rcs-revision 1.9)
\pgfsyssoftpath@smallbuffer@items=\count113
\pgfsyssoftpath@bigbuffer@items=\count114
)
(/usr/share/texlive/texmf-dist/tex/generic/pgf/systemlayer/pgfsysprotocol.code.
tex
File: pgfsysprotocol.code.tex 2006/10/16  (rcs-revision 1.4)
))
(/usr/share/texlive/texmf-dist/tex/generic/pgf/basiclayer/pgfcore.code.tex
Package: pgfcore 2010/04/11 v3.0.0 (rcs-revision 1.7)

(/usr/share/texlive/texmf-dist/tex/generic/pgf/math/pgfmath.code.tex
(/usr/share/texlive/texmf-dist/tex/generic/pgf/math/pgfmathcalc.code.tex
(/usr/share/texlive/texmf-dist/tex/generic/pgf/math/pgfmathutil.code.tex)
(/usr/share/texlive/texmf-dist/tex/generic/pgf/math/pgfmathparser.code.tex
\pgfmath@dimen=\dimen135
\pgfmath@count=\count115
\pgfmath@box=\box29
\pgfmath@toks=\toks35
\pgfmath@stack@operand=\toks36
\pgfmath@stack@operation=\toks37
)
(/usr/share/texlive/texmf-dist/tex/generic/pgf/math/pgfmathfunctions.code.tex
(/usr/share/texlive/texmf-dist/tex/generic/pgf/math/pgfmathfunctions.basic.code
.tex)
(/usr/share/texlive/texmf-dist/tex/generic/pgf/math/pgfmathfunctions.trigonomet
ric.code.tex)
(/usr/share/texlive/texmf-dist/tex/generic/pgf/math/pgfmathfunctions.random.cod
e.tex)
(/usr/share/texlive/texmf-dist/tex/generic/pgf/math/pgfmathfunctions.comparison
.code.tex)
(/usr/share/texlive/texmf-dist/tex/generic/pgf/math/pgfmathfunctions.base.code.
tex)
(/usr/share/texlive/texmf-dist/tex/generic/pgf/math/pgfmathfunctions.round.code
.tex)
(/usr/share/texlive/texmf-dist/tex/generic/pgf/math/pgfmathfunctions.misc.code.
tex)
(/usr/share/texlive/texmf-dist/tex/generic/pgf/math/pgfmathfunctions.integerari
thmetics.code.tex)))
(/usr/share/texlive/texmf-dist/tex/generic/pgf/math/pgfmathfloat.code.tex
\c@pgfmathroundto@lastzeros=\count116
))
(/usr/share/texlive/texmf-dist/tex/generic/pgf/basiclayer/pgfcorepoints.code.te
x
File: pgfcorepoints.code.tex 2013/10/07  (rcs-revision 1.27)
\pgf@picminx=\dimen136
\pgf@picmaxx=\dimen137
\pgf@picminy=\dimen138
\pgf@picmaxy=\dimen139
\pgf@pathminx=\dimen140
\pgf@pathmaxx=\dimen141
\pgf@pathminy=\dimen142
\pgf@pathmaxy=\dimen143
\pgf@xx=\dimen144
\pgf@xy=\dimen145
\pgf@yx=\dimen146
\pgf@yy=\dimen147
\pgf@zx=\dimen148
\pgf@zy=\dimen149
)
(/usr/share/texlive/texmf-dist/tex/generic/pgf/basiclayer/pgfcorepathconstruct.
code.tex
File: pgfcorepathconstruct.code.tex 2013/10/07  (rcs-revision 1.29)
\pgf@path@lastx=\dimen150
\pgf@path@lasty=\dimen151
)
(/usr/share/texlive/texmf-dist/tex/generic/pgf/basiclayer/pgfcorepathusage.code
.tex
File: pgfcorepathusage.code.tex 2013/12/13  (rcs-revision 1.23)
\pgf@shorten@end@additional=\dimen152
\pgf@shorten@start@additional=\dimen153
)
(/usr/share/texlive/texmf-dist/tex/generic/pgf/basiclayer/pgfcorescopes.code.te
x
File: pgfcorescopes.code.tex 2013/10/09  (rcs-revision 1.44)
\pgfpic=\box30
\pgf@hbox=\box31
\pgf@layerbox@main=\box32
\pgf@picture@serial@count=\count117
)
(/usr/share/texlive/texmf-dist/tex/generic/pgf/basiclayer/pgfcoregraphicstate.c
ode.tex
File: pgfcoregraphicstate.code.tex 2013/09/19  (rcs-revision 1.11)
\pgflinewidth=\dimen154
)
(/usr/share/texlive/texmf-dist/tex/generic/pgf/basiclayer/pgfcoretransformation
s.code.tex
File: pgfcoretransformations.code.tex 2013/10/10  (rcs-revision 1.17)
\pgf@pt@x=\dimen155
\pgf@pt@y=\dimen156
\pgf@pt@temp=\dimen157
)
(/usr/share/texlive/texmf-dist/tex/generic/pgf/basiclayer/pgfcorequick.code.tex
File: pgfcorequick.code.tex 2008/10/09  (rcs-revision 1.3)
)
(/usr/share/texlive/texmf-dist/tex/generic/pgf/basiclayer/pgfcoreobjects.code.t
ex
File: pgfcoreobjects.code.tex 2006/10/11  (rcs-revision 1.2)
)
(/usr/share/texlive/texmf-dist/tex/generic/pgf/basiclayer/pgfcorepathprocessing
.code.tex
File: pgfcorepathprocessing.code.tex 2013/09/09  (rcs-revision 1.9)
)
(/usr/share/texlive/texmf-dist/tex/generic/pgf/basiclayer/pgfcorearrows.code.te
x
File: pgfcorearrows.code.tex 2013/11/07  (rcs-revision 1.40)
\pgfarrowsep=\dimen158
)
(/usr/share/texlive/texmf-dist/tex/generic/pgf/basiclayer/pgfcoreshade.code.tex
File: pgfcoreshade.code.tex 2013/07/15  (rcs-revision 1.15)
\pgf@max=\dimen159
\pgf@sys@shading@range@num=\count118
)
(/usr/share/texlive/texmf-dist/tex/generic/pgf/basiclayer/pgfcoreimage.code.tex
File: pgfcoreimage.code.tex 2013/07/15  (rcs-revision 1.18)

(/usr/share/texlive/texmf-dist/tex/generic/pgf/basiclayer/pgfcoreexternal.code.
tex
File: pgfcoreexternal.code.tex 2013/07/15  (rcs-revision 1.20)
\pgfexternal@startupbox=\box33
))
(/usr/share/texlive/texmf-dist/tex/generic/pgf/basiclayer/pgfcorelayers.code.te
x
File: pgfcorelayers.code.tex 2013/07/18  (rcs-revision 1.7)
)
(/usr/share/texlive/texmf-dist/tex/generic/pgf/basiclayer/pgfcoretransparency.c
ode.tex
File: pgfcoretransparency.code.tex 2013/09/30  (rcs-revision 1.5)
)
(/usr/share/texlive/texmf-dist/tex/generic/pgf/basiclayer/pgfcorepatterns.code.
tex
File: pgfcorepatterns.code.tex 2013/11/07  (rcs-revision 1.5)
)))
(/usr/share/texlive/texmf-dist/tex/generic/pgf/modules/pgfmoduleshapes.code.tex
File: pgfmoduleshapes.code.tex 2013/10/31  (rcs-revision 1.34)
\pgfnodeparttextbox=\box34
) (/usr/share/texlive/texmf-dist/tex/generic/pgf/modules/pgfmoduleplot.code.tex
File: pgfmoduleplot.code.tex 2013/07/31  (rcs-revision 1.12)
)
(/usr/share/texlive/texmf-dist/tex/latex/pgf/compatibility/pgfcomp-version-0-65
.sty
Package: pgfcomp-version-0-65 2007/07/03 v3.0.0 (rcs-revision 1.7)
\pgf@nodesepstart=\dimen160
\pgf@nodesepend=\dimen161
)
(/usr/share/texlive/texmf-dist/tex/latex/pgf/compatibility/pgfcomp-version-1-18
.sty
Package: pgfcomp-version-1-18 2007/07/23 v3.0.0 (rcs-revision 1.1)
)) (/usr/share/texlive/texmf-dist/tex/latex/pgf/utilities/pgffor.sty
(/usr/share/texlive/texmf-dist/tex/latex/pgf/utilities/pgfkeys.sty
(/usr/share/texlive/texmf-dist/tex/generic/pgf/utilities/pgfkeys.code.tex))
(/usr/share/texlive/texmf-dist/tex/latex/pgf/math/pgfmath.sty
(/usr/share/texlive/texmf-dist/tex/generic/pgf/math/pgfmath.code.tex))
(/usr/share/texlive/texmf-dist/tex/generic/pgf/utilities/pgffor.code.tex
Package: pgffor 2013/12/13 v3.0.0 (rcs-revision 1.25)

(/usr/share/texlive/texmf-dist/tex/generic/pgf/math/pgfmath.code.tex)
\pgffor@iter=\dimen162
\pgffor@skip=\dimen163
\pgffor@stack=\toks38
\pgffor@toks=\toks39
))
(/usr/share/texlive/texmf-dist/tex/generic/pgf/frontendlayer/tikz/tikz.code.tex
Package: tikz 2013/12/13 v3.0.0 (rcs-revision 1.142)

(/usr/share/texlive/texmf-dist/tex/generic/pgf/libraries/pgflibraryplothandlers
.code.tex
File: pgflibraryplothandlers.code.tex 2013/08/31 v3.0.0 (rcs-revision 1.20)
\pgf@plot@mark@count=\count119
\pgfplotmarksize=\dimen164
)
\tikz@lastx=\dimen165
\tikz@lasty=\dimen166
\tikz@lastxsaved=\dimen167
\tikz@lastysaved=\dimen168
\tikzleveldistance=\dimen169
\tikzsiblingdistance=\dimen170
\tikz@figbox=\box35
\tikz@figbox@bg=\box36
\tikz@tempbox=\box37
\tikz@tempbox@bg=\box38
\tikztreelevel=\count120
\tikznumberofchildren=\count121
\tikznumberofcurrentchild=\count122
\tikz@fig@count=\count123

(/usr/share/texlive/texmf-dist/tex/generic/pgf/modules/pgfmodulematrix.code.tex
File: pgfmodulematrix.code.tex 2013/09/17  (rcs-revision 1.8)
\pgfmatrixcurrentrow=\count124
\pgfmatrixcurrentcolumn=\count125
\pgf@matrix@numberofcolumns=\count126
)
\tikz@expandcount=\count127

(/usr/share/texlive/texmf-dist/tex/generic/pgf/frontendlayer/tikz/libraries/tik
zlibrarytopaths.code.tex
File: tikzlibrarytopaths.code.tex 2008/06/17 v3.0.0 (rcs-revision 1.2)
)))
(/usr/share/texlive/texmf-dist/tex/generic/pgf/frontendlayer/tikz/libraries/tik
zlibrarypositioning.code.tex
File: tikzlibrarypositioning.code.tex 2008/10/06 v3.0.0 (rcs-revision 1.7)
)
\c@@todonotes@numberoftodonotes=\count128
)
(/usr/share/texlive/texmf-dist/tex/latex/tools/array.sty
Package: array 2014/10/28 v2.4c Tabular extension package (FMi)
\col@sep=\dimen171
\extrarowheight=\dimen172
\NC@list=\toks40
\extratabsurround=\skip59
\backup@length=\skip60
)
(/usr/share/texlive/texmf-dist/tex/latex/natbib/natbib.sty
Package: natbib 2010/09/13 8.31b (PWD, AO)
\bibhang=\skip61
\bibsep=\skip62
LaTeX Info: Redefining \cite on input line 694.
\c@NAT@ctr=\count129
)
(/usr/share/texlive/texmf-dist/tex/latex/appendix/appendix.sty
Package: appendix 2009/09/02 v1.2b extra appendix facilities
\c@@pps=\count130
\c@@ppsavesec=\count131
\c@@ppsaveapp=\count132
)
(/usr/share/texlive/texmf-dist/tex/latex/floatrow/floatrow.sty
Package: floatrow 2008/08/02 v0.3b floatrow: float package extension

(/usr/share/texlive/texmf-dist/tex/latex/caption/caption3.sty
Package: caption3 2013/05/02 v1.6-88 caption3 kernel (AR)
Package caption3 Info: TeX engine: e-TeX on input line 57.
\captionmargin=\dimen173
\captionmargin@=\dimen174
\captionwidth=\dimen175
\caption@tempdima=\dimen176
\caption@indent=\dimen177
\caption@parindent=\dimen178
\caption@hangindent=\dimen179
)
\c@float@type=\count133
\float@exts=\toks41
\float@box=\box39
\@floatcapt=\box40
Package floatrow Info: Modified float package code loaded on input line 455.
Package floatrow Info: Modified rotfloat package code loaded on input line 473.

\FR@everyfloat=\toks42
\flrow@foot=\insert233
\FB@wd=\dimen180
\FBo@wd=\dimen181
\FBc@wd=\dimen182
\FBo@ht=\skip63
\FBc@ht=\skip64
\FBf@ht=\skip65
\FBo@max=\skip66
\FBc@max=\skip67
\FBf@max=\skip68
\c@FBl@b=\count134
\floatbox@depth=\count135
\c@FRobj=\count136
\c@FRsobj=\count137
\Xhsize=\skip69
\sXhsize=\skip70
\Zhsize=\skip71
\sZhsize=\skip72
\flrow@rowbox=\box41
\FR@Zunitlength=\dimen183
\c@FBcnt=\count138
\FPOScnt=\count139
\LTleft=\skip73
\LTright=\skip74
\LTleft=\skip75
\LTright=\skip76
\flrow@types=\toks43
)
(/usr/share/texlive/texmf-dist/tex/latex/colortbl/colortbl.sty
Package: colortbl 2012/02/13 v1.0a Color table columns (DPC)
\everycr=\toks44
\minrowclearance=\skip77
)
(/usr/share/texlive/texmf-dist/tex/latex/algorithms/algorithm.sty
Package: algorithm 2009/08/24 v0.1 Document Style `algorithm' - floating enviro
nment
\c@algorithm=\count140
)
(/usr/share/texlive/texmf-dist/tex/latex/algorithms/algorithmic.sty
Package: algorithmic 2009/08/24 v0.1 Document Style `algorithmic'
\c@ALC@unique=\count141
\c@ALC@line=\count142
\c@ALC@rem=\count143
\c@ALC@depth=\count144
\ALC@tlm=\skip78
\algorithmicindent=\skip79
)
(/usr/share/texlive/texmf-dist/tex/latex/cite/chapterbib.sty
\c@inputfile=\count145
Package: chapterbib 2010/09/18  v 1.17
)
\c@example=\count146
\c@definition=\count147
\c@conj=\count148
\c@lemma=\count149
\c@prop=\count150
\c@notation=\count151
)
(/usr/share/texlive/texmf-dist/tex/latex/base/inputenc.sty
Package: inputenc 2014/04/30 v1.2b Input encoding file
\inpenc@prehook=\toks45
\inpenc@posthook=\toks46

(/usr/share/texlive/texmf-dist/tex/latex/base/utf8.def
File: utf8.def 2014/09/29 v1.1m UTF-8 support for inputenc
Now handling font encoding OML ...
... no UTF-8 mapping file for font encoding OML
Now handling font encoding T1 ...
... processing UTF-8 mapping file for font encoding T1

(/usr/share/texlive/texmf-dist/tex/latex/base/t1enc.dfu
File: t1enc.dfu 2014/09/29 v1.1m UTF-8 support for inputenc
   defining Unicode char U+00A1 (decimal 161)
   defining Unicode char U+00A3 (decimal 163)
   defining Unicode char U+00AB (decimal 171)
   defining Unicode char U+00BB (decimal 187)
   defining Unicode char U+00BF (decimal 191)
   defining Unicode char U+00C0 (decimal 192)
   defining Unicode char U+00C1 (decimal 193)
   defining Unicode char U+00C2 (decimal 194)
   defining Unicode char U+00C3 (decimal 195)
   defining Unicode char U+00C4 (decimal 196)
   defining Unicode char U+00C5 (decimal 197)
   defining Unicode char U+00C6 (decimal 198)
   defining Unicode char U+00C7 (decimal 199)
   defining Unicode char U+00C8 (decimal 200)
   defining Unicode char U+00C9 (decimal 201)
   defining Unicode char U+00CA (decimal 202)
   defining Unicode char U+00CB (decimal 203)
   defining Unicode char U+00CC (decimal 204)
   defining Unicode char U+00CD (decimal 205)
   defining Unicode char U+00CE (decimal 206)
   defining Unicode char U+00CF (decimal 207)
   defining Unicode char U+00D0 (decimal 208)
   defining Unicode char U+00D1 (decimal 209)
   defining Unicode char U+00D2 (decimal 210)
   defining Unicode char U+00D3 (decimal 211)
   defining Unicode char U+00D4 (decimal 212)
   defining Unicode char U+00D5 (decimal 213)
   defining Unicode char U+00D6 (decimal 214)
   defining Unicode char U+00D8 (decimal 216)
   defining Unicode char U+00D9 (decimal 217)
   defining Unicode char U+00DA (decimal 218)
   defining Unicode char U+00DB (decimal 219)
   defining Unicode char U+00DC (decimal 220)
   defining Unicode char U+00DD (decimal 221)
   defining Unicode char U+00DE (decimal 222)
   defining Unicode char U+00DF (decimal 223)
   defining Unicode char U+00E0 (decimal 224)
   defining Unicode char U+00E1 (decimal 225)
   defining Unicode char U+00E2 (decimal 226)
   defining Unicode char U+00E3 (decimal 227)
   defining Unicode char U+00E4 (decimal 228)
   defining Unicode char U+00E5 (decimal 229)
   defining Unicode char U+00E6 (decimal 230)
   defining Unicode char U+00E7 (decimal 231)
   defining Unicode char U+00E8 (decimal 232)
   defining Unicode char U+00E9 (decimal 233)
   defining Unicode char U+00EA (decimal 234)
   defining Unicode char U+00EB (decimal 235)
   defining Unicode char U+00EC (decimal 236)
   defining Unicode char U+00ED (decimal 237)
   defining Unicode char U+00EE (decimal 238)
   defining Unicode char U+00EF (decimal 239)
   defining Unicode char U+00F0 (decimal 240)
   defining Unicode char U+00F1 (decimal 241)
   defining Unicode char U+00F2 (decimal 242)
   defining Unicode char U+00F3 (decimal 243)
   defining Unicode char U+00F4 (decimal 244)
   defining Unicode char U+00F5 (decimal 245)
   defining Unicode char U+00F6 (decimal 246)
   defining Unicode char U+00F8 (decimal 248)
   defining Unicode char U+00F9 (decimal 249)
   defining Unicode char U+00FA (decimal 250)
   defining Unicode char U+00FB (decimal 251)
   defining Unicode char U+00FC (decimal 252)
   defining Unicode char U+00FD (decimal 253)
   defining Unicode char U+00FE (decimal 254)
   defining Unicode char U+00FF (decimal 255)
   defining Unicode char U+0102 (decimal 258)
   defining Unicode char U+0103 (decimal 259)
   defining Unicode char U+0104 (decimal 260)
   defining Unicode char U+0105 (decimal 261)
   defining Unicode char U+0106 (decimal 262)
   defining Unicode char U+0107 (decimal 263)
   defining Unicode char U+010C (decimal 268)
   defining Unicode char U+010D (decimal 269)
   defining Unicode char U+010E (decimal 270)
   defining Unicode char U+010F (decimal 271)
   defining Unicode char U+0110 (decimal 272)
   defining Unicode char U+0111 (decimal 273)
   defining Unicode char U+0118 (decimal 280)
   defining Unicode char U+0119 (decimal 281)
   defining Unicode char U+011A (decimal 282)
   defining Unicode char U+011B (decimal 283)
   defining Unicode char U+011E (decimal 286)
   defining Unicode char U+011F (decimal 287)
   defining Unicode char U+0130 (decimal 304)
   defining Unicode char U+0131 (decimal 305)
   defining Unicode char U+0132 (decimal 306)
   defining Unicode char U+0133 (decimal 307)
   defining Unicode char U+0139 (decimal 313)
   defining Unicode char U+013A (decimal 314)
   defining Unicode char U+013D (decimal 317)
   defining Unicode char U+013E (decimal 318)
   defining Unicode char U+0141 (decimal 321)
   defining Unicode char U+0142 (decimal 322)
   defining Unicode char U+0143 (decimal 323)
   defining Unicode char U+0144 (decimal 324)
   defining Unicode char U+0147 (decimal 327)
   defining Unicode char U+0148 (decimal 328)
   defining Unicode char U+014A (decimal 330)
   defining Unicode char U+014B (decimal 331)
   defining Unicode char U+0150 (decimal 336)
   defining Unicode char U+0151 (decimal 337)
   defining Unicode char U+0152 (decimal 338)
   defining Unicode char U+0153 (decimal 339)
   defining Unicode char U+0154 (decimal 340)
   defining Unicode char U+0155 (decimal 341)
   defining Unicode char U+0158 (decimal 344)
   defining Unicode char U+0159 (decimal 345)
   defining Unicode char U+015A (decimal 346)
   defining Unicode char U+015B (decimal 347)
   defining Unicode char U+015E (decimal 350)
   defining Unicode char U+015F (decimal 351)
   defining Unicode char U+0160 (decimal 352)
   defining Unicode char U+0161 (decimal 353)
   defining Unicode char U+0162 (decimal 354)
   defining Unicode char U+0163 (decimal 355)
   defining Unicode char U+0164 (decimal 356)
   defining Unicode char U+0165 (decimal 357)
   defining Unicode char U+016E (decimal 366)
   defining Unicode char U+016F (decimal 367)
   defining Unicode char U+0170 (decimal 368)
   defining Unicode char U+0171 (decimal 369)
   defining Unicode char U+0178 (decimal 376)
   defining Unicode char U+0179 (decimal 377)
   defining Unicode char U+017A (decimal 378)
   defining Unicode char U+017B (decimal 379)
   defining Unicode char U+017C (decimal 380)
   defining Unicode char U+017D (decimal 381)
   defining Unicode char U+017E (decimal 382)
   defining Unicode char U+200C (decimal 8204)
   defining Unicode char U+2013 (decimal 8211)
   defining Unicode char U+2014 (decimal 8212)
   defining Unicode char U+2018 (decimal 8216)
   defining Unicode char U+2019 (decimal 8217)
   defining Unicode char U+201A (decimal 8218)
   defining Unicode char U+201C (decimal 8220)
   defining Unicode char U+201D (decimal 8221)
   defining Unicode char U+201E (decimal 8222)
   defining Unicode char U+2030 (decimal 8240)
   defining Unicode char U+2031 (decimal 8241)
   defining Unicode char U+2039 (decimal 8249)
   defining Unicode char U+203A (decimal 8250)
   defining Unicode char U+2423 (decimal 9251)
)
Now handling font encoding OT1 ...
... processing UTF-8 mapping file for font encoding OT1

(/usr/share/texlive/texmf-dist/tex/latex/base/ot1enc.dfu
File: ot1enc.dfu 2014/09/29 v1.1m UTF-8 support for inputenc
   defining Unicode char U+00A1 (decimal 161)
   defining Unicode char U+00A3 (decimal 163)
   defining Unicode char U+00B8 (decimal 184)
   defining Unicode char U+00BF (decimal 191)
   defining Unicode char U+00C5 (decimal 197)
   defining Unicode char U+00C6 (decimal 198)
   defining Unicode char U+00D8 (decimal 216)
   defining Unicode char U+00DF (decimal 223)
   defining Unicode char U+00E6 (decimal 230)
   defining Unicode char U+00EC (decimal 236)
   defining Unicode char U+00ED (decimal 237)
   defining Unicode char U+00EE (decimal 238)
   defining Unicode char U+00EF (decimal 239)
   defining Unicode char U+00F8 (decimal 248)
   defining Unicode char U+0131 (decimal 305)
   defining Unicode char U+0141 (decimal 321)
   defining Unicode char U+0142 (decimal 322)
   defining Unicode char U+0152 (decimal 338)
   defining Unicode char U+0153 (decimal 339)
   defining Unicode char U+2013 (decimal 8211)
   defining Unicode char U+2014 (decimal 8212)
   defining Unicode char U+2018 (decimal 8216)
   defining Unicode char U+2019 (decimal 8217)
   defining Unicode char U+201C (decimal 8220)
   defining Unicode char U+201D (decimal 8221)
)
Now handling font encoding OMS ...
... processing UTF-8 mapping file for font encoding OMS

(/usr/share/texlive/texmf-dist/tex/latex/base/omsenc.dfu
File: omsenc.dfu 2014/09/29 v1.1m UTF-8 support for inputenc
   defining Unicode char U+00A7 (decimal 167)
   defining Unicode char U+00B6 (decimal 182)
   defining Unicode char U+00B7 (decimal 183)
   defining Unicode char U+2020 (decimal 8224)
   defining Unicode char U+2021 (decimal 8225)
   defining Unicode char U+2022 (decimal 8226)
)
Now handling font encoding OMX ...
... no UTF-8 mapping file for font encoding OMX
Now handling font encoding U ...
... no UTF-8 mapping file for font encoding U
   defining Unicode char U+00A9 (decimal 169)
   defining Unicode char U+00AA (decimal 170)
   defining Unicode char U+00AE (decimal 174)
   defining Unicode char U+00BA (decimal 186)
   defining Unicode char U+02C6 (decimal 710)
   defining Unicode char U+02DC (decimal 732)
   defining Unicode char U+200C (decimal 8204)
   defining Unicode char U+2026 (decimal 8230)
   defining Unicode char U+2122 (decimal 8482)
   defining Unicode char U+2423 (decimal 9251)
)) (./main.aux)
\openout1 = `main.aux'.

LaTeX Font Info:    Checking defaults for OML/cmm/m/it on input line 7.
LaTeX Font Info:    ... okay on input line 7.
LaTeX Font Info:    Checking defaults for T1/cmr/m/n on input line 7.
LaTeX Font Info:    ... okay on input line 7.
LaTeX Font Info:    Checking defaults for OT1/cmr/m/n on input line 7.
LaTeX Font Info:    ... okay on input line 7.
LaTeX Font Info:    Checking defaults for OMS/cmsy/m/n on input line 7.
LaTeX Font Info:    ... okay on input line 7.
LaTeX Font Info:    Checking defaults for OMX/cmex/m/n on input line 7.
LaTeX Font Info:    ... okay on input line 7.
LaTeX Font Info:    Checking defaults for U/cmr/m/n on input line 7.
LaTeX Font Info:    ... okay on input line 7.

(/usr/share/texlive/texmf-dist/tex/context/base/supp-pdf.mkii
[Loading MPS to PDF converter (version 2006.09.02).]
\scratchcounter=\count152
\scratchdimen=\dimen184
\scratchbox=\box42
\nofMPsegments=\count153
\nofMParguments=\count154
\everyMPshowfont=\toks47
\MPscratchCnt=\count155
\MPscratchDim=\dimen185
\MPnumerator=\count156
\makeMPintoPDFobject=\count157
\everyMPtoPDFconversion=\toks48
) (/usr/share/texlive/texmf-dist/tex/generic/oberdiek/pdftexcmds.sty
Package: pdftexcmds 2011/11/29 v0.20 Utility functions of pdfTeX for LuaTeX (HO
)

(/usr/share/texlive/texmf-dist/tex/generic/oberdiek/ifluatex.sty
Package: ifluatex 2010/03/01 v1.3 Provides the ifluatex switch (HO)
Package ifluatex Info: LuaTeX not detected.
)
(/usr/share/texlive/texmf-dist/tex/generic/oberdiek/ifpdf.sty
Package: ifpdf 2011/01/30 v2.3 Provides the ifpdf switch (HO)
Package ifpdf Info: pdfTeX in PDF mode is detected.
)
Package pdftexcmds Info: LuaTeX not detected.
Package pdftexcmds Info: \pdf@primitive is available.
Package pdftexcmds Info: \pdf@ifprimitive is available.
Package pdftexcmds Info: \pdfdraftmode found.
)
(/usr/share/texlive/texmf-dist/tex/latex/oberdiek/epstopdf-base.sty
Package: epstopdf-base 2010/02/09 v2.5 Base part for package epstopdf

(/usr/share/texlive/texmf-dist/tex/latex/oberdiek/grfext.sty
Package: grfext 2010/08/19 v1.1 Manage graphics extensions (HO)

(/usr/share/texlive/texmf-dist/tex/generic/oberdiek/kvdefinekeys.sty
Package: kvdefinekeys 2011/04/07 v1.3 Define keys (HO)
))
(/usr/share/texlive/texmf-dist/tex/latex/oberdiek/kvoptions.sty
Package: kvoptions 2011/06/30 v3.11 Key value format for package options (HO)

(/usr/share/texlive/texmf-dist/tex/generic/oberdiek/kvsetkeys.sty
Package: kvsetkeys 2012/04/25 v1.16 Key value parser (HO)

(/usr/share/texlive/texmf-dist/tex/generic/oberdiek/etexcmds.sty
Package: etexcmds 2011/02/16 v1.5 Avoid name clashes with e-TeX commands (HO)
Package etexcmds Info: Could not find \expanded.
(etexcmds)             That can mean that you are not using pdfTeX 1.50 or
(etexcmds)             that some package has redefined \expanded.
(etexcmds)             In the latter case, load this package earlier.
)))
Package grfext Info: Graphics extension search list:
(grfext)             [.png,.pdf,.jpg,.mps,.jpeg,.jbig2,.jb2,.PNG,.PDF,.JPG,.JPE
G,.JBIG2,.JB2,.eps]
(grfext)             \AppendGraphicsExtensions on input line 452.

(/usr/share/texlive/texmf-dist/tex/latex/latexconfig/epstopdf-sys.cfg
File: epstopdf-sys.cfg 2010/07/13 v1.3 Configuration of (r)epstopdf for TeX Liv
e
))
ABD: EveryShipout initializing macros
Package caption Info: Begin \AtBeginDocument code.
Package caption Info: End \AtBeginDocument code.
 (./exploration.tex (./Model/model.tex
LaTeX Font Info:    Try loading font information for U+msa on input line 5.

(/usr/share/texlive/texmf-dist/tex/latex/amsfonts/umsa.fd
File: umsa.fd 2013/01/14 v3.01 AMS symbols A
)
LaTeX Font Info:    Try loading font information for U+msb on input line 5.

(/usr/share/texlive/texmf-dist/tex/latex/amsfonts/umsb.fd
File: umsb.fd 2013/01/14 v3.01 AMS symbols B
)
<IDE/world_map.pdf, id=4, 642.4pt x 357.335pt>
File: IDE/world_map.pdf Graphic file (type pdf)
 <use IDE/world_map.pdf>
Package pdftex.def Info: IDE/world_map.pdf used on input line 6.
(pdftex.def)             Requested size: 194.88777pt x 108.405pt.

<IDE/world_map_belief.pdf, id=5, 170.76428pt x 364.99135pt>
File: IDE/world_map_belief.pdf Graphic file (type pdf)

<use IDE/world_map_belief.pdf>
Package pdftex.def Info: IDE/world_map_belief.pdf used on input line 7.
(pdftex.def)             Requested size: 50.71896pt x 108.405pt.

<IDE/random_block_marg.pdf, id=6, 646.5393pt x 362.22723pt>
File: IDE/random_block_marg.pdf Graphic file (type pdf)

<use IDE/random_block_marg.pdf>
Package pdftex.def Info: IDE/random_block_marg.pdf used on input line 27.
(pdftex.def)             Requested size: 128.98987pt x 72.26999pt.

<IDE/random_block.pdf, id=7, 646.5393pt x 362.22723pt>
File: IDE/random_block.pdf Graphic file (type pdf)

<use IDE/random_block.pdf>
Package pdftex.def Info: IDE/random_block.pdf used on input line 27.
(pdftex.def)             Requested size: 128.98987pt x 72.26999pt.

<IDE/random_room_belief.pdf, id=8, 646.5393pt x 362.22795pt>
File: IDE/random_room_belief.pdf Graphic file (type pdf)

<use IDE/random_room_belief.pdf>
Package pdftex.def Info: IDE/random_room_belief.pdf used on input line 33.
(pdftex.def)             Requested size: 128.98987pt x 72.26999pt.

<IDE/random_room.pdf, id=9, 642.4pt x 357.335pt>
File: IDE/random_room.pdf Graphic file (type pdf)
 <use IDE/random_room.pdf>
Package pdftex.def Info: IDE/random_room.pdf used on input line 33.
(pdftex.def)             Requested size: 129.91864pt x 72.26999pt.

<first_view.pdf, id=10, 311.564pt x 306.746pt>
File: first_view.pdf Graphic file (type pdf)
 <use first_view.pdf>
Package pdftex.def Info: first_view.pdf used on input line 54.
(pdftex.def)             Requested size: 108.405pt x 106.72615pt.

<first_hypoth.pdf, id=11, 311.564pt x 306.746pt>
File: first_hypoth.pdf Graphic file (type pdf)
 <use first_hypoth.pdf>
Package pdftex.def Info: first_hypoth.pdf used on input line 56.
(pdftex.def)             Requested size: 108.405pt x 106.72615pt.

<Model/first_meas.pdf, id=12, 311.564pt x 306.746pt>
File: Model/first_meas.pdf Graphic file (type pdf)

<use Model/first_meas.pdf>
Package pdftex.def Info: Model/first_meas.pdf used on input line 58.
(pdftex.def)             Requested size: 108.405pt x 106.72615pt.
 [1

{/var/lib/texmf/fonts/map/pdftex/updmap/pdftex.map}] [2 <./IDE/world_map.pdf> <
./IDE/world_map_belief.pdf

pdfTeX warning: /usr/bin/pdflatex (file ./IDE/world_map_belief.pdf): PDF inclus
ion: multiple pdfs with page group included in a single page
> <./IDE/random_block_marg.pdf

pdfTeX warning: /usr/bin/pdflatex (file ./IDE/random_block_marg.pdf): PDF inclu
sion: multiple pdfs with page group included in a single page
> <./IDE/random_block.pdf

pdfTeX warning: /usr/bin/pdflatex (file ./IDE/random_block.pdf): PDF inclusion:
 multiple pdfs with page group included in a single page
> <./IDE/random_room_belief.pdf

pdfTeX warning: /usr/bin/pdflatex (file ./IDE/random_room_belief.pdf): PDF incl
usion: multiple pdfs with page group included in a single page
> <./IDE/random_room.pdf

pdfTeX warning: /usr/bin/pdflatex (file ./IDE/random_room.pdf): PDF inclusion: 
multiple pdfs with page group included in a single page
>] [3 <./first_view.pdf> <./first_hypoth.pdf

pdfTeX warning: /usr/bin/pdflatex (file ./first_hypoth.pdf): PDF inclusion: mul
tiple pdfs with page group included in a single page
> <./Model/first_meas.pdf

pdfTeX warning: /usr/bin/pdflatex (file ./Model/first_meas.pdf): PDF inclusion:
 multiple pdfs with page group included in a single page
>]
LaTeX Font Info:    Try loading font information for U+bbm on input line 140.
 (/usr/share/texlive/texmf-dist/tex/latex/bbm-macros/ubbm.fd
File: ubbm.fd 1999/03/15 V 1.2 Font definition for bbm font - TH
) [4]
Overfull \hbox (0.95528pt too wide) in paragraph at lines 207--207
[] 
 []

<Model/JEnergy1.pdf, id=189, 324.21124pt x 275.0275pt>
File: Model/JEnergy1.pdf Graphic file (type pdf)

<use Model/JEnergy1.pdf>
Package pdftex.def Info: Model/JEnergy1.pdf used on input line 226.
(pdftex.def)             Requested size: 110.7498pt x 93.95122pt.

<Model/JEnergy25.pdf, id=190, 335.2525pt x 275.0275pt>
File: Model/JEnergy25.pdf Graphic file (type pdf)

<use Model/JEnergy25.pdf>
Package pdftex.def Info: Model/JEnergy25.pdf used on input line 229.
(pdftex.def)             Requested size: 114.52147pt x 93.95122pt.

<Model/penetration1.pdf, id=191, 272.01625pt x 274.02374pt>
File: Model/penetration1.pdf Graphic file (type pdf)

<use Model/penetration1.pdf>
Package pdftex.def Info: Model/penetration1.pdf used on input line 231.
(pdftex.def)             Requested size: 93.26462pt x 93.95122pt.
 [5] [6 <./Model/JEnergy1.pdf> <./Model/JEnergy25.pdf> <./Model/penetration1.pd
f>]
<Model/media/voronoi_grid.pdf, id=224, 412.54124pt x 413.545pt>
File: Model/media/voronoi_grid.pdf Graphic file (type pdf)

<use Model/media/voronoi_grid.pdf>
Package pdftex.def Info: Model/media/voronoi_grid.pdf used on input line 315.
(pdftex.def)             Requested size: 86.51031pt x 86.72377pt.

<Model/media/voronoi_grid_closeup.pdf, id=225, 422.97124pt x 413.75877pt>
File: Model/media/voronoi_grid_closeup.pdf Graphic file (type pdf)

<use Model/media/voronoi_grid_closeup.pdf>
Package pdftex.def Info: Model/media/voronoi_grid_closeup.pdf used on input lin
e 318.
(pdftex.def)             Requested size: 88.65231pt x 86.72377pt.

<Model/media/weight_profile.pdf, id=226, 428.5016pt x 354.92245pt>
File: Model/media/weight_profile.pdf Graphic file (type pdf)

<use Model/media/weight_profile.pdf>
Package pdftex.def Info: Model/media/weight_profile.pdf used on input line 321.

(pdftex.def)             Requested size: 104.69939pt x 86.72377pt.

<Model/hilo_ising.pdf, id=227, 487.43231pt x 181.88358pt>
File: Model/hilo_ising.pdf Graphic file (type pdf)

<use Model/hilo_ising.pdf>
Package pdftex.def Info: Model/hilo_ising.pdf used on input line 345.
(pdftex.def)             Requested size: 154.94026pt x 57.81621pt.
File: Model/hilo_ising.pdf Graphic file (type pdf)
 <use Model/hilo_ising.pdf>
Package pdftex.def Info: Model/hilo_ising.pdf used on input line 347.
(pdftex.def)             Requested size: 154.94026pt x 57.81621pt.

<Model/min_ising.pdf, id=228, 490.40662pt x 181.47801pt>
File: Model/min_ising.pdf Graphic file (type pdf)

<use Model/min_ising.pdf>
Package pdftex.def Info: Model/min_ising.pdf used on input line 350.
(pdftex.def)             Requested size: 156.22992pt x 57.81621pt.
File: Model/min_ising.pdf Graphic file (type pdf)
 <use Model/min_ising.pdf>
Package pdftex.def Info: Model/min_ising.pdf used on input line 352.
(pdftex.def)             Requested size: 156.22992pt x 57.81621pt.

Overfull \hbox (20.83684pt too wide) in paragraph at lines 343--361
 [][] 
 []

[7 <./Model/media/voronoi_grid.pdf> <./Model/media/voronoi_grid_closeup.pdf

pdfTeX warning: /usr/bin/pdflatex (file ./Model/media/voronoi_grid_closeup.pdf)
: PDF inclusion: multiple pdfs with page group included in a single page
> <./Model/media/weight_profile.pdf

pdfTeX warning: /usr/bin/pdflatex (file ./Model/media/weight_profile.pdf): PDF 
inclusion: multiple pdfs with page group included in a single page
>] <Model/ising000.pdf, id=328, 375.4025pt x 288.07625pt>
File: Model/ising000.pdf Graphic file (type pdf)

<use Model/ising000.pdf>
Package pdftex.def Info: Model/ising000.pdf used on input line 395.
(pdftex.def)             Requested size: 54.2025pt x 44.99995pt.

<Model/ising100.pdf, id=330, 375.4025pt x 288.07625pt>
File: Model/ising100.pdf Graphic file (type pdf)

<use Model/ising100.pdf>
Package pdftex.def Info: Model/ising100.pdf used on input line 396.
(pdftex.def)             Requested size: 54.2025pt x 44.99995pt.

<Model/ising225.pdf, id=332, 375.4025pt x 288.07625pt>
File: Model/ising225.pdf Graphic file (type pdf)

<use Model/ising225.pdf>
Package pdftex.def Info: Model/ising225.pdf used on input line 397.
(pdftex.def)             Requested size: 54.2025pt x 44.99995pt.

<Model/ising400.pdf, id=334, 375.4025pt x 288.07625pt>
File: Model/ising400.pdf Graphic file (type pdf)

<use Model/ising400.pdf>
Package pdftex.def Info: Model/ising400.pdf used on input line 398.
(pdftex.def)             Requested size: 54.2025pt x 44.99995pt.

<Model/visibility.pdf, id=336, 375.4025pt x 288.07625pt>
File: Model/visibility.pdf Graphic file (type pdf)

<use Model/visibility.pdf>
Package pdftex.def Info: Model/visibility.pdf used on input line 399.
(pdftex.def)             Requested size: 54.2025pt x 44.99995pt.

<Model/marg000.pdf, id=338, 375.4025pt x 288.07625pt>
File: Model/marg000.pdf Graphic file (type pdf)
 <use Model/marg000.pdf>
Package pdftex.def Info: Model/marg000.pdf used on input line 400.
(pdftex.def)             Requested size: 54.2025pt x 44.99995pt.

<Model/marg100.pdf, id=340, 375.4025pt x 288.07625pt>
File: Model/marg100.pdf Graphic file (type pdf)
 <use Model/marg100.pdf>
Package pdftex.def Info: Model/marg100.pdf used on input line 401.
(pdftex.def)             Requested size: 54.2025pt x 44.99995pt.

<Model/marg225.pdf, id=342, 375.4025pt x 288.07625pt>
File: Model/marg225.pdf Graphic file (type pdf)
 <use Model/marg225.pdf>
Package pdftex.def Info: Model/marg225.pdf used on input line 402.
(pdftex.def)             Requested size: 54.2025pt x 44.99995pt.

<Model/marg400.pdf, id=344, 375.4025pt x 288.07625pt>
File: Model/marg400.pdf Graphic file (type pdf)
 <use Model/marg400.pdf>
Package pdftex.def Info: Model/marg400.pdf used on input line 403.
(pdftex.def)             Requested size: 54.2025pt x 44.99995pt.
File: Model/marg000.pdf Graphic file (type pdf)

<use Model/marg000.pdf>
Package pdftex.def Info: Model/marg000.pdf used on input line 405.
(pdftex.def)             Requested size: 54.2025pt x 44.99995pt.
File: Model/marg000.pdf Graphic file (type pdf)
 <use Model/marg000.pdf>
Package pdftex.def Info: Model/marg000.pdf used on input line 407.
(pdftex.def)             Requested size: 54.2025pt x 44.99995pt.
File: Model/marg100.pdf Graphic file (type pdf)
 <use Model/marg100.pdf>
Package pdftex.def Info: Model/marg100.pdf used on input line 409.
(pdftex.def)             Requested size: 54.2025pt x 44.99995pt.
File: Model/marg225.pdf Graphic file (type pdf)

<use Model/marg225.pdf>
Package pdftex.def Info: Model/marg225.pdf used on input line 411.
(pdftex.def)             Requested size: 54.2025pt x 44.99995pt.
File: Model/marg400.pdf Graphic file (type pdf)
 <use Model/marg400.pdf>
Package pdftex.def Info: Model/marg400.pdf used on input line 413.
(pdftex.def)             Requested size: 54.2025pt x 44.99995pt.

Overfull \hbox (2.67914pt too wide) in paragraph at lines 393--420
 [][] 
 []

<Model/Penetration/ising_cell_001.png, id=351, 219.219pt x 298.716pt>
File: Model/Penetration/ising_cell_001.png Graphic file (type png)

<use Model/Penetration/ising_cell_001.png>
Package pdftex.def Info: Model/Penetration/ising_cell_001.png used on input lin
e 442.
(pdftex.def)             Requested size: 63.64212pt x 86.72377pt.

<Model/Penetration/ising_penetration_001.pdf, id=352, 471.7625pt x 393.47pt>
File: Model/Penetration/ising_penetration_001.pdf Graphic file (type pdf)

<use Model/Penetration/ising_penetration_001.pdf>
Package pdftex.def Info: Model/Penetration/ising_penetration_001.pdf used on in
put line 443.
(pdftex.def)             Requested size: 103.97522pt x 86.72377pt.

<Model/Penetration/ising_extinction_001.pdf, id=353, 468.75125pt x 393.47pt>
File: Model/Penetration/ising_extinction_001.pdf Graphic file (type pdf)

<use Model/Penetration/ising_extinction_001.pdf>
Package pdftex.def Info: Model/Penetration/ising_extinction_001.pdf used on inp
ut line 444.
(pdftex.def)             Requested size: 103.31155pt x 86.72377pt.

<Model/Penetration/ising_cell_004.png, id=354, 240.9pt x 321.2pt>
File: Model/Penetration/ising_cell_004.png Graphic file (type png)

<use Model/Penetration/ising_cell_004.png>
Package pdftex.def Info: Model/Penetration/ising_cell_004.png used on input lin
e 445.
(pdftex.def)             Requested size: 65.04018pt x 86.72377pt.

<Model/Penetration/ising_penetration_004.pdf, id=355, 471.7625pt x 393.47pt>
File: Model/Penetration/ising_penetration_004.pdf Graphic file (type pdf)

<use Model/Penetration/ising_penetration_004.pdf>
Package pdftex.def Info: Model/Penetration/ising_penetration_004.pdf used on in
put line 446.
(pdftex.def)             Requested size: 103.97522pt x 86.72377pt.

<Model/Penetration/ising_extinction_004.pdf, id=356, 468.75125pt x 393.47pt>
File: Model/Penetration/ising_extinction_004.pdf Graphic file (type pdf)

<use Model/Penetration/ising_extinction_004.pdf>
Package pdftex.def Info: Model/Penetration/ising_extinction_004.pdf used on inp
ut line 447.
(pdftex.def)             Requested size: 103.31155pt x 86.72377pt.

<Model/Penetration/ising_cell_009.png, id=357, 219.219pt x 298.716pt>
File: Model/Penetration/ising_cell_009.png Graphic file (type png)

<use Model/Penetration/ising_cell_009.png>
Package pdftex.def Info: Model/Penetration/ising_cell_009.png used on input lin
e 448.
(pdftex.def)             Requested size: 63.64212pt x 86.72377pt.

<Model/Penetration/ising_penetration_009.pdf, id=358, 471.7625pt x 393.47pt>
File: Model/Penetration/ising_penetration_009.pdf Graphic file (type pdf)

<use Model/Penetration/ising_penetration_009.pdf>
Package pdftex.def Info: Model/Penetration/ising_penetration_009.pdf used on in
put line 449.
(pdftex.def)             Requested size: 103.97522pt x 86.72377pt.

<Model/Penetration/ising_extinction_009.pdf, id=359, 468.75125pt x 393.47pt>
File: Model/Penetration/ising_extinction_009.pdf Graphic file (type pdf)

<use Model/Penetration/ising_extinction_009.pdf>
Package pdftex.def Info: Model/Penetration/ising_extinction_009.pdf used on inp
ut line 450.
(pdftex.def)             Requested size: 103.31155pt x 86.72377pt.

<Model/Penetration/ising_cell_016.png, id=360, 219.219pt x 298.716pt>
File: Model/Penetration/ising_cell_016.png Graphic file (type png)

<use Model/Penetration/ising_cell_016.png>
Package pdftex.def Info: Model/Penetration/ising_cell_016.png used on input lin
e 451.
(pdftex.def)             Requested size: 63.64212pt x 86.72377pt.

<Model/Penetration/ising_penetration_016.pdf, id=361, 471.7625pt x 393.47pt>
File: Model/Penetration/ising_penetration_016.pdf Graphic file (type pdf)

<use Model/Penetration/ising_penetration_016.pdf>
Package pdftex.def Info: Model/Penetration/ising_penetration_016.pdf used on in
put line 452.
(pdftex.def)             Requested size: 103.97522pt x 86.72377pt.

<Model/Penetration/ising_extinction_016.pdf, id=362, 468.75125pt x 393.47pt>
File: Model/Penetration/ising_extinction_016.pdf Graphic file (type pdf)

<use Model/Penetration/ising_extinction_016.pdf>
Package pdftex.def Info: Model/Penetration/ising_extinction_016.pdf used on inp
ut line 453.
(pdftex.def)             Requested size: 103.31155pt x 86.72377pt.

<Model/Penetration/ising_cell_025.png, id=363, 219.219pt x 298.716pt>
File: Model/Penetration/ising_cell_025.png Graphic file (type png)

<use Model/Penetration/ising_cell_025.png>
Package pdftex.def Info: Model/Penetration/ising_cell_025.png used on input lin
e 454.
(pdftex.def)             Requested size: 63.64212pt x 86.72377pt.

<Model/Penetration/ising_penetration_025.pdf, id=364, 471.7625pt x 393.47pt>
File: Model/Penetration/ising_penetration_025.pdf Graphic file (type pdf)

<use Model/Penetration/ising_penetration_025.pdf>
Package pdftex.def Info: Model/Penetration/ising_penetration_025.pdf used on in
put line 455.
(pdftex.def)             Requested size: 103.97522pt x 86.72377pt.

<Model/Penetration/ising_extinction_025.pdf, id=365, 468.75125pt x 393.47pt>
File: Model/Penetration/ising_extinction_025.pdf Graphic file (type pdf)

<use Model/Penetration/ising_extinction_025.pdf>
Package pdftex.def Info: Model/Penetration/ising_extinction_025.pdf used on inp
ut line 456.
(pdftex.def)             Requested size: 103.31155pt x 86.72377pt.
 [8 <./Model/hilo_ising.pdf> <./Model/min_ising.pdf

pdfTeX warning: /usr/bin/pdflatex (file ./Model/min_ising.pdf): PDF inclusion: 
multiple pdfs with page group included in a single page
>] <Model/media/poisson_disk.pdf, id=372, 214.8025pt x 215.80624pt>
File: Model/media/poisson_disk.pdf Graphic file (type pdf)

<use Model/media/poisson_disk.pdf>
Package pdftex.def Info: Model/media/poisson_disk.pdf used on input line 486.
(pdftex.def)             Requested size: 93.51372pt x 93.95122pt.

<Model/media/voronoi.png, id=373, 210.897pt x 209.9115pt>
File: Model/media/voronoi.png Graphic file (type png)

<use Model/media/voronoi.png>
Package pdftex.def Info: Model/media/voronoi.png used on input line 490.
(pdftex.def)             Requested size: 94.39432pt x 93.95122pt.

<Model/media/voronoi_chex.pdf, id=375, 204.765pt x 209.78375pt>
File: Model/media/voronoi_chex.pdf Graphic file (type pdf)

<use Model/media/voronoi_chex.pdf>
Package pdftex.def Info: Model/media/voronoi_chex.pdf used on input line 494.
(pdftex.def)             Requested size: 91.70284pt x 93.95122pt.

<Model/media/entropy_ising.pdf, id=376, 1907.125pt x 333.69916pt>
File: Model/media/entropy_ising.pdf Graphic file (type pdf)

<use Model/media/entropy_ising.pdf>
Package pdftex.def Info: Model/media/entropy_ising.pdf used on input line 529.
(pdftex.def)             Requested size: 351.06659pt x 61.42993pt.

Overfull \hbox (12.73325pt too wide) in paragraph at lines 529--530
 [][] 
 []

<Model/media/entropy_chex.pdf, id=377, 1907.125pt x 333.69916pt>
File: Model/media/entropy_chex.pdf Graphic file (type pdf)

<use Model/media/entropy_chex.pdf>
Package pdftex.def Info: Model/media/entropy_chex.pdf used on input line 532.
(pdftex.def)             Requested size: 351.06659pt x 61.42993pt.

Overfull \hbox (9.39992pt too wide) in paragraph at lines 532--536
 [][] 
 []


LaTeX Warning: `h' float specifier changed to `ht'.

[9 <./Model/ising000.pdf> <./Model/ising100.pdf> <./Model/ising225.pdf> <./Mode
l/ising400.pdf> <./Model/visibility.pdf> <./Model/marg000.pdf> <./Model/marg100
.pdf> <./Model/marg225.pdf> <./Model/marg400.pdf>] [10 <./Model/Penetration/isi
ng_cell_001.png (PNG copy)> <./Model/Penetration/ising_penetration_001.pdf> <./
Model/Penetration/ising_extinction_001.pdf> <./Model/Penetration/ising_cell_004
.png> <./Model/Penetration/ising_penetration_004.pdf> <./Model/Penetration/isin
g_extinction_004.pdf> <./Model/Penetration/ising_cell_009.png> <./Model/Penetra
tion/ising_penetration_009.pdf> <./Model/Penetration/ising_extinction_009.pdf> 
<./Model/Penetration/ising_cell_016.png> <./Model/Penetration/ising_penetration
_016.pdf> <./Model/Penetration/ising_extinction_016.pdf> <./Model/Penetration/i
sing_cell_025.png> <./Model/Penetration/ising_penetration_025.pdf> <./Model/Pen
etration/ising_extinction_025.pdf>]
<Model/media/weight_profiles.pdf, id=682, 607.54138pt x 271.13252pt>
File: Model/media/weight_profiles.pdf Graphic file (type pdf)

<use Model/media/weight_profiles.pdf>
Package pdftex.def Info: Model/media/weight_profiles.pdf used on input line 559
.
(pdftex.def)             Requested size: 361.34999pt x 161.26172pt.

Overfull \hbox (16.34999pt too wide) in paragraph at lines 559--566
 [][] 
 []

<Model/samples.png, id=683, 541.02126pt x 583.17876pt>
File: Model/samples.png Graphic file (type png)
 <use Model/samples.png>
Package pdftex.def Info: Model/samples.png used on input line 572.
(pdftex.def)             Requested size: 60.33804pt x 65.04256pt.

<Model/W02.pdf, id=684, 416.55624pt x 313.17pt>
File: Model/W02.pdf Graphic file (type pdf)
 <use Model/W02.pdf>
Package pdftex.def Info: Model/W02.pdf used on input line 576.
(pdftex.def)             Requested size: 65.04256pt x 48.89923pt.

<Model/W04.pdf, id=685, 416.55624pt x 313.17pt>
File: Model/W04.pdf Graphic file (type pdf)
 <use Model/W04.pdf>
Package pdftex.def Info: Model/W04.pdf used on input line 578.
(pdftex.def)             Requested size: 65.04256pt x 48.89923pt.

<Model/W08.pdf, id=686, 422.57875pt x 313.17pt>
File: Model/W08.pdf Graphic file (type pdf)
 <use Model/W08.pdf>
Package pdftex.def Info: Model/W08.pdf used on input line 580.
(pdftex.def)             Requested size: 65.04256pt x 48.20155pt.

<Model/media/left_combos_hilite.pdf, id=687, 728.33421pt x 680.52713pt>
File: Model/media/left_combos_hilite.pdf Graphic file (type pdf)

<use Model/media/left_combos_hilite.pdf>
Package pdftex.def Info: Model/media/left_combos_hilite.pdf used on input line 
592.
(pdftex.def)             Requested size: 291.32852pt x 272.20602pt.

<Model/media/right_combos_hilite.pdf, id=688, 728.33421pt x 680.52713pt>
File: Model/media/right_combos_hilite.pdf Graphic file (type pdf)

<use Model/media/right_combos_hilite.pdf>
Package pdftex.def Info: Model/media/right_combos_hilite.pdf used on input line
 593.
(pdftex.def)             Requested size: 291.32852pt x 272.20602pt.

<Model/2D/scene_01.png, id=689, 353.6412pt x 354.123pt>
File: Model/2D/scene_01.png Graphic file (type png)

<use Model/2D/scene_01.png>
Package pdftex.def Info: Model/2D/scene_01.png used on input line 654.
(pdftex.def)             Requested size: 108.405pt x 108.5504pt.

<Model/2D/marginal_01.png, id=690, 353.6412pt x 354.123pt>
File: Model/2D/marginal_01.png Graphic file (type png)

<use Model/2D/marginal_01.png>
Package pdftex.def Info: Model/2D/marginal_01.png used on input line 655.
(pdftex.def)             Requested size: 108.405pt x 108.5504pt.

<Model/2D/energy_01.png, id=691, 353.6412pt x 354.123pt>
File: Model/2D/energy_01.png Graphic file (type png)

<use Model/2D/energy_01.png>
Package pdftex.def Info: Model/2D/energy_01.png used on input line 656.
(pdftex.def)             Requested size: 108.405pt x 108.5504pt.

<Model/2D/scene_02.png, id=692, 353.6412pt x 354.123pt>
File: Model/2D/scene_02.png Graphic file (type png)

<use Model/2D/scene_02.png>
Package pdftex.def Info: Model/2D/scene_02.png used on input line 657.
(pdftex.def)             Requested size: 108.405pt x 108.5504pt.

<Model/2D/marginal_02.png, id=693, 353.6412pt x 354.123pt>
File: Model/2D/marginal_02.png Graphic file (type png)

<use Model/2D/marginal_02.png>
Package pdftex.def Info: Model/2D/marginal_02.png used on input line 658.
(pdftex.def)             Requested size: 108.405pt x 108.5504pt.
File: Model/2D/energy_01.png Graphic file (type png)
 <use Model/2D/energy_01.png>
Package pdftex.def Info: Model/2D/energy_01.png used on input line 659.
(pdftex.def)             Requested size: 108.405pt x 108.5504pt.

<Model/2D/scene_03.png, id=694, 353.6412pt x 354.123pt>
File: Model/2D/scene_03.png Graphic file (type png)

<use Model/2D/scene_03.png>
Package pdftex.def Info: Model/2D/scene_03.png used on input line 660.
(pdftex.def)             Requested size: 108.405pt x 108.5504pt.

<Model/2D/marginal_03.png, id=695, 353.6412pt x 354.123pt>
File: Model/2D/marginal_03.png Graphic file (type png)

<use Model/2D/marginal_03.png>
Package pdftex.def Info: Model/2D/marginal_03.png used on input line 661.
(pdftex.def)             Requested size: 108.405pt x 108.5504pt.

<Model/2D/energy_03.png, id=696, 353.6412pt x 354.123pt>
File: Model/2D/energy_03.png Graphic file (type png)

<use Model/2D/energy_03.png>
Package pdftex.def Info: Model/2D/energy_03.png used on input line 662.
(pdftex.def)             Requested size: 108.405pt x 108.5504pt.

<Model/2D/scene_04.png, id=697, 353.6412pt x 354.123pt>
File: Model/2D/scene_04.png Graphic file (type png)

<use Model/2D/scene_04.png>
Package pdftex.def Info: Model/2D/scene_04.png used on input line 663.
(pdftex.def)             Requested size: 108.405pt x 108.5504pt.

<Model/2D/marginal_04.png, id=698, 353.6412pt x 354.123pt>
File: Model/2D/marginal_04.png Graphic file (type png)

<use Model/2D/marginal_04.png>
Package pdftex.def Info: Model/2D/marginal_04.png used on input line 664.
(pdftex.def)             Requested size: 108.405pt x 108.5504pt.

<Model/2D/energy_04.png, id=699, 353.6412pt x 354.123pt>
File: Model/2D/energy_04.png Graphic file (type png)

<use Model/2D/energy_04.png>
Package pdftex.def Info: Model/2D/energy_04.png used on input line 665.
(pdftex.def)             Requested size: 108.405pt x 108.5504pt.

<Model/2D/scene_05.png, id=700, 353.6412pt x 354.123pt>
File: Model/2D/scene_05.png Graphic file (type png)

<use Model/2D/scene_05.png>
Package pdftex.def Info: Model/2D/scene_05.png used on input line 666.
(pdftex.def)             Requested size: 108.405pt x 108.5504pt.

<Model/2D/marginal_05.png, id=701, 353.6412pt x 354.123pt>
File: Model/2D/marginal_05.png Graphic file (type png)

<use Model/2D/marginal_05.png>
Package pdftex.def Info: Model/2D/marginal_05.png used on input line 667.
(pdftex.def)             Requested size: 108.405pt x 108.5504pt.

<Model/2D/energy_05.png, id=702, 353.6412pt x 354.123pt>
File: Model/2D/energy_05.png Graphic file (type png)

<use Model/2D/energy_05.png>
Package pdftex.def Info: Model/2D/energy_05.png used on input line 668.
(pdftex.def)             Requested size: 108.405pt x 108.5504pt.
File: Model/2D/scene_05.png Graphic file (type png)
 <use Model/2D/scene_05.png>
Package pdftex.def Info: Model/2D/scene_05.png used on input line 670.
(pdftex.def)             Requested size: 108.405pt x 108.5504pt.
File: Model/2D/marginal_05.png Graphic file (type png)

<use Model/2D/marginal_05.png>
Package pdftex.def Info: Model/2D/marginal_05.png used on input line 672.
(pdftex.def)             Requested size: 108.405pt x 108.5504pt.
File: Model/2D/energy_05.png Graphic file (type png)
 <use Model/2D/energy_05.png>
Package pdftex.def Info: Model/2D/energy_05.png used on input line 674.
(pdftex.def)             Requested size: 108.405pt x 108.5504pt.

Overfull \hbox (26.21498pt too wide) in paragraph at lines 653--676
 [][] 
 []

<Model/view_01.png, id=703, 421.575pt x 345.29pt>
File: Model/view_01.png Graphic file (type png)
 <use Model/view_01.png>
Package pdftex.def Info: Model/view_01.png used on input line 681.
(pdftex.def)             Requested size: 108.405pt x 88.78802pt.

<Model/marginal_01.png, id=704, 421.575pt x 351.3125pt>
File: Model/marginal_01.png Graphic file (type png)

<use Model/marginal_01.png>
Package pdftex.def Info: Model/marginal_01.png used on input line 682.
(pdftex.def)             Requested size: 108.405pt x 90.33665pt.

<Model/energy_01.png, id=705, 421.575pt x 351.3125pt>
File: Model/energy_01.png Graphic file (type png)

<use Model/energy_01.png>
Package pdftex.def Info: Model/energy_01.png used on input line 683.
(pdftex.def)             Requested size: 108.405pt x 90.33665pt.
 <Model/view_02.png, id=706, 421.575pt x 345.29pt>
File: Model/view_02.png Graphic file (type png)

<use Model/view_02.png>
Package pdftex.def Info: Model/view_02.png used on input line 684.
(pdftex.def)             Requested size: 108.405pt x 88.78802pt.

<Model/marginal_02.png, id=707, 421.575pt x 351.3125pt>
File: Model/marginal_02.png Graphic file (type png)

<use Model/marginal_02.png>
Package pdftex.def Info: Model/marginal_02.png used on input line 685.
(pdftex.def)             Requested size: 108.405pt x 90.33665pt.

<Model/energy_02.png, id=708, 421.575pt x 351.3125pt>
File: Model/energy_02.png Graphic file (type png)

<use Model/energy_02.png>
Package pdftex.def Info: Model/energy_02.png used on input line 686.
(pdftex.def)             Requested size: 108.405pt x 90.33665pt.
 <Model/view_03.png, id=709, 421.575pt x 345.29pt>
File: Model/view_03.png Graphic file (type png)

<use Model/view_03.png>
Package pdftex.def Info: Model/view_03.png used on input line 687.
(pdftex.def)             Requested size: 108.405pt x 88.78802pt.

<Model/marginal_03.png, id=710, 421.575pt x 351.3125pt>
File: Model/marginal_03.png Graphic file (type png)

<use Model/marginal_03.png>
Package pdftex.def Info: Model/marginal_03.png used on input line 688.
(pdftex.def)             Requested size: 108.405pt x 90.33665pt.

<Model/energy_03.png, id=711, 421.575pt x 351.3125pt>
File: Model/energy_03.png Graphic file (type png)

<use Model/energy_03.png>
Package pdftex.def Info: Model/energy_03.png used on input line 689.
(pdftex.def)             Requested size: 108.405pt x 90.33665pt.
 <Model/view_04.png, id=712, 421.575pt x 345.29pt>
File: Model/view_04.png Graphic file (type png)

<use Model/view_04.png>
Package pdftex.def Info: Model/view_04.png used on input line 690.
(pdftex.def)             Requested size: 108.405pt x 88.78802pt.

<Model/marginal_04.png, id=713, 421.575pt x 350.30875pt>
File: Model/marginal_04.png Graphic file (type png)

<use Model/marginal_04.png>
Package pdftex.def Info: Model/marginal_04.png used on input line 691.
(pdftex.def)             Requested size: 108.405pt x 90.07855pt.

<Model/energy_04.png, id=714, 421.575pt x 351.3125pt>
File: Model/energy_04.png Graphic file (type png)

<use Model/energy_04.png>
Package pdftex.def Info: Model/energy_04.png used on input line 692.
(pdftex.def)             Requested size: 108.405pt x 90.33665pt.
 <Model/view_05.png, id=715, 421.575pt x 345.29pt>
File: Model/view_05.png Graphic file (type png)

<use Model/view_05.png>
Package pdftex.def Info: Model/view_05.png used on input line 693.
(pdftex.def)             Requested size: 108.405pt x 88.78802pt.

<Model/marginal_05.png, id=716, 421.575pt x 350.30875pt>
File: Model/marginal_05.png Graphic file (type png)

<use Model/marginal_05.png>
Package pdftex.def Info: Model/marginal_05.png used on input line 694.
(pdftex.def)             Requested size: 108.405pt x 90.07855pt.

<Model/energy_05.png, id=717, 453.695pt x 410.53375pt>
File: Model/energy_05.png Graphic file (type png)

<use Model/energy_05.png>
Package pdftex.def Info: Model/energy_05.png used on input line 695.
(pdftex.def)             Requested size: 108.405pt x 98.09161pt.
File: Model/view_05.png Graphic file (type png)
 <use Model/view_05.png>
Package pdftex.def Info: Model/view_05.png used on input line 697.
(pdftex.def)             Requested size: 108.405pt x 88.78802pt.
File: Model/marginal_05.png Graphic file (type png)
 <use Model/marginal_05.png>
Package pdftex.def Info: Model/marginal_05.png used on input line 699.
(pdftex.def)             Requested size: 108.405pt x 90.07855pt.
File: Model/energy_05.png Graphic file (type png)

<use Model/energy_05.png>
Package pdftex.def Info: Model/energy_05.png used on input line 701.
(pdftex.def)             Requested size: 108.405pt x 98.09161pt.

Overfull \hbox (26.21498pt too wide) in paragraph at lines 680--703
 [][] 
 []


Overfull \hbox (2.88951pt too wide) in paragraph at lines 707--709
\OT1/cmr/m/n/10 These bounds de-pend on some con-jec-tured prop-er-ties of the 
Ising-model marginal
 []


Package natbib Warning: Citation `ising_curv' on page 11 undefined on input lin
e 715.

[11 <./Model/media/poisson_disk.pdf> <./Model/media/voronoi.png> <./Model/media
/voronoi_chex.pdf>]

LaTeX Warning: Reference `equi' on page 12 undefined on input line 739.

[12 <./Model/media/entropy_ising.pdf> <./Model/media/entropy_chex.pdf

pdfTeX warning: /usr/bin/pdflatex (file ./Model/media/entropy_chex.pdf): PDF in
clusion: multiple pdfs with page group included in a single page
>] [13 <./Model/media/weight_profiles.pdf> <./Model/samples.png (PNG copy)> <./
Model/W02.pdf> <./Model/W04.pdf> <./Model/W08.pdf>] [14 <./Model/media/left_com
bos_hilite.pdf> <./Model/media/right_combos_hilite.pdf

pdfTeX warning: /usr/bin/pdflatex (file ./Model/media/right_combos_hilite.pdf):
 PDF inclusion: multiple pdfs with page group included in a single page
>] [15 <./Model/2D/scene_01.png> <./Model/2D/marginal_01.png (PNG copy)> <./Mod
el/2D/energy_01.png (PNG copy)> <./Model/2D/scene_02.png> <./Model/2D/marginal_
02.png> <./Model/2D/scene_03.png (PNG copy)> <./Model/2D/marginal_03.png> <./Mo
del/2D/energy_03.png (PNG copy)> <./Model/2D/scene_04.png (PNG copy)> <./Model/
2D/marginal_04.png> <./Model/2D/energy_04.png (PNG copy)> <./Model/2D/scene_05.
png> <./Model/2D/marginal_05.png (PNG copy)> <./Model/2D/energy_05.png>]
[16 <./Model/view_01.png (PNG copy)> <./Model/marginal_01.png (PNG copy)> <./Mo
del/energy_01.png (PNG copy)> <./Model/view_02.png (PNG copy)> <./Model/margina
l_02.png (PNG copy)> <./Model/energy_02.png (PNG copy)> <./Model/view_03.png (P
NG copy)> <./Model/marginal_03.png (PNG copy)> <./Model/energy_03.png (PNG copy
)> <./Model/view_04.png (PNG copy)> <./Model/marginal_04.png (PNG copy)> <./Mod
el/energy_04.png (PNG copy)> <./Model/view_05.png (PNG copy)> <./Model/marginal
_05.png (PNG copy)> <./Model/energy_05.png (PNG copy)>]
<Model/simple_stats.pdf, id=888, 532.99126pt x 117.43875pt>
File: Model/simple_stats.pdf Graphic file (type pdf)

<use Model/simple_stats.pdf>
Package pdftex.def Info: Model/simple_stats.pdf used on input line 790.
(pdftex.def)             Requested size: 433.62pt x 95.54596pt.

<Model/ising_cropped.pdf, id=889, 532.99126pt x 118.4425pt>
File: Model/ising_cropped.pdf Graphic file (type pdf)

<use Model/ising_cropped.pdf>
Package pdftex.def Info: Model/ising_cropped.pdf used on input line 793.
(pdftex.def)             Requested size: 433.62pt x 96.3626pt.

Overfull \hbox (95.28665pt too wide) in paragraph at lines 790--794
 [][] 
 []


Overfull \hbox (95.28665pt too wide) in paragraph at lines 790--794
 [] 
 []

) (./Speedup/speedup.tex
<Speedup/Parallel_Bits/iso-01.png, id=890, 335.2525pt x 222.8325pt>
File: Speedup/Parallel_Bits/iso-01.png Graphic file (type png)

<use Speedup/Parallel_Bits/iso-01.png>
Package pdftex.def Info: Speedup/Parallel_Bits/iso-01.png used on input line 8.

(pdftex.def)             Requested size: 71.8576pt x 54.2025pt.

<Speedup/Parallel_Bits/iso-02.png, id=892, 335.2525pt x 222.8325pt>
File: Speedup/Parallel_Bits/iso-02.png Graphic file (type png)

<use Speedup/Parallel_Bits/iso-02.png>
Package pdftex.def Info: Speedup/Parallel_Bits/iso-02.png used on input line 9.

(pdftex.def)             Requested size: 71.8576pt x 54.2025pt.

<Speedup/Parallel_Bits/iso-03.png, id=894, 335.2525pt x 222.8325pt>
File: Speedup/Parallel_Bits/iso-03.png Graphic file (type png)

<use Speedup/Parallel_Bits/iso-03.png>
Package pdftex.def Info: Speedup/Parallel_Bits/iso-03.png used on input line 10
.
(pdftex.def)             Requested size: 71.8576pt x 54.2025pt.

<Speedup/Parallel_Bits/iso-04.png, id=896, 335.2525pt x 222.8325pt>
File: Speedup/Parallel_Bits/iso-04.png Graphic file (type png)

<use Speedup/Parallel_Bits/iso-04.png>
Package pdftex.def Info: Speedup/Parallel_Bits/iso-04.png used on input line 11
.
(pdftex.def)             Requested size: 71.8576pt x 54.2025pt.

<Speedup/Parallel_Bits/par025.pdf, id=898, 376.40625pt x 288.07625pt>
File: Speedup/Parallel_Bits/par025.pdf Graphic file (type pdf)

<use Speedup/Parallel_Bits/par025.pdf>
Package pdftex.def Info: Speedup/Parallel_Bits/par025.pdf used on input line 13
.
(pdftex.def)             Requested size: 71.83784pt x 54.2025pt.

<Speedup/Parallel_Bits/par100.pdf, id=900, 376.40625pt x 288.07625pt>
File: Speedup/Parallel_Bits/par100.pdf Graphic file (type pdf)

<use Speedup/Parallel_Bits/par100.pdf>
Package pdftex.def Info: Speedup/Parallel_Bits/par100.pdf used on input line 14
.
(pdftex.def)             Requested size: 71.83784pt x 54.2025pt.

<Speedup/Parallel_Bits/par225.pdf, id=902, 376.40625pt x 288.07625pt>
File: Speedup/Parallel_Bits/par225.pdf Graphic file (type pdf)

<use Speedup/Parallel_Bits/par225.pdf>
Package pdftex.def Info: Speedup/Parallel_Bits/par225.pdf used on input line 15
.
(pdftex.def)             Requested size: 71.83784pt x 54.2025pt.

<Speedup/Parallel_Bits/par400.pdf, id=904, 376.40625pt x 288.07625pt>
File: Speedup/Parallel_Bits/par400.pdf Graphic file (type pdf)

<use Speedup/Parallel_Bits/par400.pdf>
Package pdftex.def Info: Speedup/Parallel_Bits/par400.pdf used on input line 16
.
(pdftex.def)             Requested size: 71.83784pt x 54.2025pt.
 [17] [18 <./Speedup/Parallel_Bits/iso-01.png> <./Speedup/Parallel_Bits/iso-02.
png> <./Speedup/Parallel_Bits/iso-03.png> <./Speedup/Parallel_Bits/iso-04.png> 
<./Speedup/Parallel_Bits/par025.pdf> <./Speedup/Parallel_Bits/par100.pdf> <./Sp
eedup/Parallel_Bits/par225.pdf> <./Speedup/Parallel_Bits/par400.pdf> <./Model/s
imple_stats.pdf> <./Model/ising_cropped.pdf>] <Speedup/Parallel_Bits/isingup.pd
f, id=1072, 386.44376pt x 317.185pt>
File: Speedup/Parallel_Bits/isingup.pdf Graphic file (type pdf)

<use Speedup/Parallel_Bits/isingup.pdf>
Package pdftex.def Info: Speedup/Parallel_Bits/isingup.pdf used on input line 8
1.
(pdftex.def)             Requested size: 108.405pt x 88.97574pt.

<Speedup/Parallel_Bits/bitup.pdf, id=1073, 386.44376pt x 317.185pt>
File: Speedup/Parallel_Bits/bitup.pdf Graphic file (type pdf)

<use Speedup/Parallel_Bits/bitup.pdf>
Package pdftex.def Info: Speedup/Parallel_Bits/bitup.pdf used on input line 82.

(pdftex.def)             Requested size: 108.405pt x 88.97574pt.

<Speedup/Parallel_Bits/parcompare.pdf, id=1074, 386.44376pt x 307.1475pt>
File: Speedup/Parallel_Bits/parcompare.pdf Graphic file (type pdf)

<use Speedup/Parallel_Bits/parcompare.pdf>
Package pdftex.def Info: Speedup/Parallel_Bits/parcompare.pdf used on input lin
e 83.
(pdftex.def)             Requested size: 108.405pt x 86.16005pt.
 [19] [20 <./Speedup/Parallel_Bits/isingup.pdf> <./Speedup/Parallel_Bits/bitup.
pdf> <./Speedup/Parallel_Bits/parcompare.pdf>]) (./main.bbl
Underfull \hbox (badness 6032) in paragraph at lines 42--47
[]\OT1/cmr/m/n/10 F. Hover U.[]Mitra G.A.[]Hollinger, B.[]Englot and G.S. Sukha
tme.
 []

[21]))

Package natbib Warning: There were undefined citations.

[22] (./main.aux)

LaTeX Warning: There were undefined references.

 ) 
Here is how much of TeX's memory you used:
 16189 strings out of 493105
 308167 string characters out of 6137073
 349434 words of memory out of 5000000
 19164 multiletter control sequences out of 15000+600000
 12370 words of font info for 50 fonts, out of 8000000 for 9000
 1141 hyphenation exceptions out of 8191
 64i,23n,92p,1181b,487s stack positions out of 5000i,500n,10000p,200000b,80000s
 </home/josh/.texmf-var/fonts/pk/ljfour/public/bbm/bbm10.600pk></usr/share/te
xlive/texmf-dist/fonts/type1/public/amsfonts/cm/cmbx10.pfb></usr/share/texlive/
texmf-dist/fonts/type1/public/amsfonts/cm/cmbx12.pfb></usr/share/texlive/texmf-
dist/fonts/type1/public/amsfonts/cm/cmex10.pfb></usr/share/texlive/texmf-dist/f
onts/type1/public/amsfonts/cm/cmmi10.pfb></usr/share/texlive/texmf-dist/fonts/t
ype1/public/amsfonts/cm/cmmi5.pfb></usr/share/texlive/texmf-dist/fonts/type1/pu
blic/amsfonts/cm/cmmi7.pfb></usr/share/texlive/texmf-dist/fonts/type1/public/am
sfonts/cm/cmmi8.pfb></usr/share/texlive/texmf-dist/fonts/type1/public/amsfonts/
cm/cmr10.pfb></usr/share/texlive/texmf-dist/fonts/type1/public/amsfonts/cm/cmr5
.pfb></usr/share/texlive/texmf-dist/fonts/type1/public/amsfonts/cm/cmr6.pfb></u
sr/share/texlive/texmf-dist/fonts/type1/public/amsfonts/cm/cmr7.pfb></usr/share
/texlive/texmf-dist/fonts/type1/public/amsfonts/cm/cmr8.pfb></usr/share/texlive
/texmf-dist/fonts/type1/public/amsfonts/cm/cmsy10.pfb></usr/share/texlive/texmf
-dist/fonts/type1/public/amsfonts/cm/cmsy5.pfb></usr/share/texlive/texmf-dist/f
onts/type1/public/amsfonts/cm/cmsy7.pfb></usr/share/texlive/texmf-dist/fonts/ty
pe1/public/amsfonts/cm/cmti10.pfb></usr/share/texlive/texmf-dist/fonts/type1/pu
blic/amsfonts/cm/cmtt8.pfb></usr/share/texlive/texmf-dist/fonts/type1/public/am
sfonts/symbols/msam10.pfb></usr/share/texlive/texmf-dist/fonts/type1/public/ams
fonts/symbols/msbm10.pfb></usr/share/texlive/texmf-dist/fonts/type1/public/amsf
onts/symbols/msbm7.pfb></usr/share/texmf/fonts/type1/public/tex-gyre/qbkr.pfb><
/usr/share/texmf/fonts/type1/public/tex-gyre/qbkri.pfb></usr/share/texmf/fonts/
type1/public/tex-gyre/qzcmi.pfb></usr/share/texlive/texmf-dist/fonts/type1/urw/
helvetic/uhvr8a.pfb></usr/share/texlive/texmf-dist/fonts/type1/urw/helvetic/uhv
ro8a.pfb>
Output written on main.pdf (22 pages, 4686197 bytes).
PDF statistics:
 1184 PDF objects out of 1200 (max. 8388607)
 749 compressed objects within 8 object streams
 0 named destinations out of 1000 (max. 500000)
 620 words of extra memory for PDF output out of 10000 (max. 10000000)

