This is pdfTeX, Version 3.14159265-2.6-1.40.15 (TeX Live 2015/dev/Debian) (preloaded format=pdflatex 2015.6.2)  8 SEP 2015 16:26
entering extended mode
 restricted \write18 enabled.
 %&-line parsing enabled.
**main.tex
(./main.tex
LaTeX2e <2014/05/01>
Babel <3.9l> and hyphenation patterns for 79 languages loaded.
(/usr/share/texlive/texmf-dist/tex/latex/base/article.cls
Document Class: article 2014/09/29 v1.4h Standard LaTeX document class
(/usr/share/texlive/texmf-dist/tex/latex/base/size10.clo
File: size10.clo 2014/09/29 v1.4h Standard LaTeX file (size option)
)
\c@part=\count79
\c@section=\count80
\c@subsection=\count81
\c@subsubsection=\count82
\c@paragraph=\count83
\c@subparagraph=\count84
\c@figure=\count85
\c@table=\count86
\abovecaptionskip=\skip41
\belowcaptionskip=\skip42
\bibindent=\dimen102
) (../mymacros.tex
(/usr/share/texlive/texmf-dist/tex/latex/amscls/amsthm.sty
Package: amsthm 2009/07/02 v2.20.1
\thm@style=\toks14
\thm@bodyfont=\toks15
\thm@headfont=\toks16
\thm@notefont=\toks17
\thm@headpunct=\toks18
\thm@preskip=\skip43
\thm@postskip=\skip44
\thm@headsep=\skip45
\dth@everypar=\toks19
)
(/usr/share/texlive/texmf-dist/tex/latex/amsmath/amsmath.sty
Package: amsmath 2013/01/14 v2.14 AMS math features
\@mathmargin=\skip46

For additional information on amsmath, use the `?' option.
(/usr/share/texlive/texmf-dist/tex/latex/amsmath/amstext.sty
Package: amstext 2000/06/29 v2.01

(/usr/share/texlive/texmf-dist/tex/latex/amsmath/amsgen.sty
File: amsgen.sty 1999/11/30 v2.0
\@emptytoks=\toks20
\ex@=\dimen103
))
(/usr/share/texlive/texmf-dist/tex/latex/amsmath/amsbsy.sty
Package: amsbsy 1999/11/29 v1.2d
\pmbraise@=\dimen104
)
(/usr/share/texlive/texmf-dist/tex/latex/amsmath/amsopn.sty
Package: amsopn 1999/12/14 v2.01 operator names
)
\inf@bad=\count87
LaTeX Info: Redefining \frac on input line 210.
\uproot@=\count88
\leftroot@=\count89
LaTeX Info: Redefining \overline on input line 306.
\classnum@=\count90
\DOTSCASE@=\count91
LaTeX Info: Redefining \ldots on input line 378.
LaTeX Info: Redefining \dots on input line 381.
LaTeX Info: Redefining \cdots on input line 466.
\Mathstrutbox@=\box26
\strutbox@=\box27
\big@size=\dimen105
LaTeX Font Info:    Redeclaring font encoding OML on input line 566.
LaTeX Font Info:    Redeclaring font encoding OMS on input line 567.
\macc@depth=\count92
\c@MaxMatrixCols=\count93
\dotsspace@=\muskip10
\c@parentequation=\count94
\dspbrk@lvl=\count95
\tag@help=\toks21
\row@=\count96
\column@=\count97
\maxfields@=\count98
\andhelp@=\toks22
\eqnshift@=\dimen106
\alignsep@=\dimen107
\tagshift@=\dimen108
\tagwidth@=\dimen109
\totwidth@=\dimen110
\lineht@=\dimen111
\@envbody=\toks23
\multlinegap=\skip47
\multlinetaggap=\skip48
\mathdisplay@stack=\toks24
LaTeX Info: Redefining \[ on input line 2665.
LaTeX Info: Redefining \] on input line 2666.
)
(/usr/share/texlive/texmf-dist/tex/latex/amsfonts/amssymb.sty
Package: amssymb 2013/01/14 v3.01 AMS font symbols

(/usr/share/texlive/texmf-dist/tex/latex/amsfonts/amsfonts.sty
Package: amsfonts 2013/01/14 v3.01 Basic AMSFonts support
\symAMSa=\mathgroup4
\symAMSb=\mathgroup5
LaTeX Font Info:    Overwriting math alphabet `\mathfrak' in version `bold'
(Font)                  U/euf/m/n --> U/euf/b/n on input line 106.
))
(/usr/share/texlive/texmf-dist/tex/latex/bbm-macros/bbm.sty
Package: bbm 1999/03/15 V 1.2 provides fonts for set symbols - TH
LaTeX Font Info:    Overwriting math alphabet `\mathbbm' in version `bold'
(Font)                  U/bbm/m/n --> U/bbm/bx/n on input line 33.
LaTeX Font Info:    Overwriting math alphabet `\mathbbmss' in version `bold'
(Font)                  U/bbmss/m/n --> U/bbmss/bx/n on input line 35.
)
(/usr/share/texlive/texmf-dist/tex/latex/mathtools/mathtools.sty
Package: mathtools 2014/07/16 v1.15 mathematical typesetting tools

(/usr/share/texlive/texmf-dist/tex/latex/graphics/keyval.sty
Package: keyval 2014/05/08 v1.15 key=value parser (DPC)
\KV@toks@=\toks25
)
(/usr/share/texlive/texmf-dist/tex/latex/tools/calc.sty
Package: calc 2014/10/28 v4.3 Infix arithmetic (KKT,FJ)
\calc@Acount=\count99
\calc@Bcount=\count100
\calc@Adimen=\dimen112
\calc@Bdimen=\dimen113
\calc@Askip=\skip49
\calc@Bskip=\skip50
LaTeX Info: Redefining \setlength on input line 75.
LaTeX Info: Redefining \addtolength on input line 76.
\calc@Ccount=\count101
\calc@Cskip=\skip51
)
(/usr/share/texlive/texmf-dist/tex/latex/mathtools/mhsetup.sty
Package: mhsetup 2010/01/21 v1.2a programming setup (MH)
)
LaTeX Info: Thecontrolsequence`\['isalreadyrobust on input line 129.
LaTeX Info: Thecontrolsequence`\]'isalreadyrobust on input line 129.
\g_MT_multlinerow_int=\count102
\l_MT_multwidth_dim=\dimen114
\origjot=\skip52
\l_MT_shortvdotswithinadjustabove_dim=\dimen115
\l_MT_shortvdotswithinadjustbelow_dim=\dimen116
\l_MT_above_intertext_sep=\dimen117
\l_MT_below_intertext_sep=\dimen118
\l_MT_above_shortintertext_sep=\dimen119
\l_MT_below_shortintertext_sep=\dimen120
)
(/usr/share/texlive/texmf-dist/tex/latex/subfigure/subfigure.sty
Package: subfigure 2002/03/15 v2.1.5 subfigure package
\subfigtopskip=\skip53
\subfigcapskip=\skip54
\subfigcaptopadj=\dimen121
\subfigbottomskip=\skip55
\subfigcapmargin=\dimen122
\subfiglabelskip=\skip56
\c@subfigure=\count103
\c@lofdepth=\count104
\c@subtable=\count105
\c@lotdepth=\count106

****************************************
* Local config file subfigure.cfg used *
****************************************
(/usr/share/texlive/texmf-dist/tex/latex/subfigure/subfigure.cfg)
\subfig@top=\skip57
\subfig@bottom=\skip58
)
(/usr/share/texlive/texmf-dist/tex/latex/placeins/placeins.sty
Package: placeins 2005/04/18  v 2.2
)
(/usr/share/texlive/texmf-dist/tex/latex/import/import.sty
Package: import 2009/03/23  v 5.1
)
(/usr/share/texlive/texmf-dist/tex/latex/graphics/graphicx.sty
Package: graphicx 2014/04/25 v1.0g Enhanced LaTeX Graphics (DPC,SPQR)

(/usr/share/texlive/texmf-dist/tex/latex/graphics/graphics.sty
Package: graphics 2009/02/05 v1.0o Standard LaTeX Graphics (DPC,SPQR)

(/usr/share/texlive/texmf-dist/tex/latex/graphics/trig.sty
Package: trig 1999/03/16 v1.09 sin cos tan (DPC)
)
(/usr/share/texlive/texmf-dist/tex/latex/latexconfig/graphics.cfg
File: graphics.cfg 2010/04/23 v1.9 graphics configuration of TeX Live
)
Package graphics Info: Driver file: pdftex.def on input line 91.

(/usr/share/texlive/texmf-dist/tex/latex/pdftex-def/pdftex.def
File: pdftex.def 2011/05/27 v0.06d Graphics/color for pdfTeX

(/usr/share/texlive/texmf-dist/tex/generic/oberdiek/infwarerr.sty
Package: infwarerr 2010/04/08 v1.3 Providing info/warning/error messages (HO)
)
(/usr/share/texlive/texmf-dist/tex/generic/oberdiek/ltxcmds.sty
Package: ltxcmds 2011/11/09 v1.22 LaTeX kernel commands for general use (HO)
)
\Gread@gobject=\count107
))
\Gin@req@height=\dimen123
\Gin@req@width=\dimen124
)
(/usr/share/texlive/texmf-dist/tex/latex/todonotes/todonotes.sty
Package: todonotes 2012/07/25 .dtx Todonotes source and documentation.
Package: todonotes 2012/07/25

(/usr/share/texlive/texmf-dist/tex/latex/base/ifthen.sty
Package: ifthen 2014/09/29 v1.1c Standard LaTeX ifthen package (DPC)
)
(/usr/share/texlive/texmf-dist/tex/latex/xkeyval/xkeyval.sty
Package: xkeyval 2014/05/25 v2.7 package option processing (HA)

(/usr/share/texlive/texmf-dist/tex/generic/xkeyval/xkeyval.tex
(/usr/share/texlive/texmf-dist/tex/generic/xkeyval/xkvutils.tex
\XKV@toks=\toks26
\XKV@tempa@toks=\toks27
)
\XKV@depth=\count108
File: xkeyval.tex 2014/05/25 v2.7 key=value parser (HA)
))
(/usr/share/texlive/texmf-dist/tex/latex/xcolor/xcolor.sty
Package: xcolor 2007/01/21 v2.11 LaTeX color extensions (UK)

(/usr/share/texlive/texmf-dist/tex/latex/latexconfig/color.cfg
File: color.cfg 2007/01/18 v1.5 color configuration of teTeX/TeXLive
)
Package xcolor Info: Driver file: pdftex.def on input line 225.
Package xcolor Info: Model `cmy' substituted by `cmy0' on input line 1337.
Package xcolor Info: Model `hsb' substituted by `rgb' on input line 1341.
Package xcolor Info: Model `RGB' extended on input line 1353.
Package xcolor Info: Model `HTML' substituted by `rgb' on input line 1355.
Package xcolor Info: Model `Hsb' substituted by `hsb' on input line 1356.
Package xcolor Info: Model `tHsb' substituted by `hsb' on input line 1357.
Package xcolor Info: Model `HSB' substituted by `hsb' on input line 1358.
Package xcolor Info: Model `Gray' substituted by `gray' on input line 1359.
Package xcolor Info: Model `wave' substituted by `hsb' on input line 1360.
)
(/usr/share/texlive/texmf-dist/tex/latex/pgf/frontendlayer/tikz.sty
(/usr/share/texlive/texmf-dist/tex/latex/pgf/basiclayer/pgf.sty
(/usr/share/texlive/texmf-dist/tex/latex/pgf/utilities/pgfrcs.sty
(/usr/share/texlive/texmf-dist/tex/generic/pgf/utilities/pgfutil-common.tex
\pgfutil@everybye=\toks28
\pgfutil@tempdima=\dimen125
\pgfutil@tempdimb=\dimen126

(/usr/share/texlive/texmf-dist/tex/generic/pgf/utilities/pgfutil-common-lists.t
ex)) (/usr/share/texlive/texmf-dist/tex/generic/pgf/utilities/pgfutil-latex.def
\pgfutil@abb=\box28
(/usr/share/texlive/texmf-dist/tex/latex/ms/everyshi.sty
Package: everyshi 2001/05/15 v3.00 EveryShipout Package (MS)
))
(/usr/share/texlive/texmf-dist/tex/generic/pgf/utilities/pgfrcs.code.tex
Package: pgfrcs 2013/12/20 v3.0.0 (rcs-revision 1.28)
))
Package: pgf 2013/12/18 v3.0.0 (rcs-revision 1.14)

(/usr/share/texlive/texmf-dist/tex/latex/pgf/basiclayer/pgfcore.sty
(/usr/share/texlive/texmf-dist/tex/latex/pgf/systemlayer/pgfsys.sty
(/usr/share/texlive/texmf-dist/tex/generic/pgf/systemlayer/pgfsys.code.tex
Package: pgfsys 2013/11/30 v3.0.0 (rcs-revision 1.47)

(/usr/share/texlive/texmf-dist/tex/generic/pgf/utilities/pgfkeys.code.tex
\pgfkeys@pathtoks=\toks29
\pgfkeys@temptoks=\toks30

(/usr/share/texlive/texmf-dist/tex/generic/pgf/utilities/pgfkeysfiltered.code.t
ex
\pgfkeys@tmptoks=\toks31
))
\pgf@x=\dimen127
\pgf@y=\dimen128
\pgf@xa=\dimen129
\pgf@ya=\dimen130
\pgf@xb=\dimen131
\pgf@yb=\dimen132
\pgf@xc=\dimen133
\pgf@yc=\dimen134
\w@pgf@writea=\write3
\r@pgf@reada=\read1
\c@pgf@counta=\count109
\c@pgf@countb=\count110
\c@pgf@countc=\count111
\c@pgf@countd=\count112
\t@pgf@toka=\toks32
\t@pgf@tokb=\toks33
\t@pgf@tokc=\toks34
 (/usr/share/texlive/texmf-dist/tex/generic/pgf/systemlayer/pgf.cfg
File: pgf.cfg 2008/05/14  (rcs-revision 1.7)
)
Driver file for pgf: pgfsys-pdftex.def

(/usr/share/texlive/texmf-dist/tex/generic/pgf/systemlayer/pgfsys-pdftex.def
File: pgfsys-pdftex.def 2013/07/18  (rcs-revision 1.33)

(/usr/share/texlive/texmf-dist/tex/generic/pgf/systemlayer/pgfsys-common-pdf.de
f
File: pgfsys-common-pdf.def 2013/10/10  (rcs-revision 1.13)
)))
(/usr/share/texlive/texmf-dist/tex/generic/pgf/systemlayer/pgfsyssoftpath.code.
tex
File: pgfsyssoftpath.code.tex 2013/09/09  (rcs-revision 1.9)
\pgfsyssoftpath@smallbuffer@items=\count113
\pgfsyssoftpath@bigbuffer@items=\count114
)
(/usr/share/texlive/texmf-dist/tex/generic/pgf/systemlayer/pgfsysprotocol.code.
tex
File: pgfsysprotocol.code.tex 2006/10/16  (rcs-revision 1.4)
))
(/usr/share/texlive/texmf-dist/tex/generic/pgf/basiclayer/pgfcore.code.tex
Package: pgfcore 2010/04/11 v3.0.0 (rcs-revision 1.7)

(/usr/share/texlive/texmf-dist/tex/generic/pgf/math/pgfmath.code.tex
(/usr/share/texlive/texmf-dist/tex/generic/pgf/math/pgfmathcalc.code.tex
(/usr/share/texlive/texmf-dist/tex/generic/pgf/math/pgfmathutil.code.tex)
(/usr/share/texlive/texmf-dist/tex/generic/pgf/math/pgfmathparser.code.tex
\pgfmath@dimen=\dimen135
\pgfmath@count=\count115
\pgfmath@box=\box29
\pgfmath@toks=\toks35
\pgfmath@stack@operand=\toks36
\pgfmath@stack@operation=\toks37
)
(/usr/share/texlive/texmf-dist/tex/generic/pgf/math/pgfmathfunctions.code.tex
(/usr/share/texlive/texmf-dist/tex/generic/pgf/math/pgfmathfunctions.basic.code
.tex)
(/usr/share/texlive/texmf-dist/tex/generic/pgf/math/pgfmathfunctions.trigonomet
ric.code.tex)
(/usr/share/texlive/texmf-dist/tex/generic/pgf/math/pgfmathfunctions.random.cod
e.tex)
(/usr/share/texlive/texmf-dist/tex/generic/pgf/math/pgfmathfunctions.comparison
.code.tex)
(/usr/share/texlive/texmf-dist/tex/generic/pgf/math/pgfmathfunctions.base.code.
tex)
(/usr/share/texlive/texmf-dist/tex/generic/pgf/math/pgfmathfunctions.round.code
.tex)
(/usr/share/texlive/texmf-dist/tex/generic/pgf/math/pgfmathfunctions.misc.code.
tex)
(/usr/share/texlive/texmf-dist/tex/generic/pgf/math/pgfmathfunctions.integerari
thmetics.code.tex)))
(/usr/share/texlive/texmf-dist/tex/generic/pgf/math/pgfmathfloat.code.tex
\c@pgfmathroundto@lastzeros=\count116
))
(/usr/share/texlive/texmf-dist/tex/generic/pgf/basiclayer/pgfcorepoints.code.te
x
File: pgfcorepoints.code.tex 2013/10/07  (rcs-revision 1.27)
\pgf@picminx=\dimen136
\pgf@picmaxx=\dimen137
\pgf@picminy=\dimen138
\pgf@picmaxy=\dimen139
\pgf@pathminx=\dimen140
\pgf@pathmaxx=\dimen141
\pgf@pathminy=\dimen142
\pgf@pathmaxy=\dimen143
\pgf@xx=\dimen144
\pgf@xy=\dimen145
\pgf@yx=\dimen146
\pgf@yy=\dimen147
\pgf@zx=\dimen148
\pgf@zy=\dimen149
)
(/usr/share/texlive/texmf-dist/tex/generic/pgf/basiclayer/pgfcorepathconstruct.
code.tex
File: pgfcorepathconstruct.code.tex 2013/10/07  (rcs-revision 1.29)
\pgf@path@lastx=\dimen150
\pgf@path@lasty=\dimen151
)
(/usr/share/texlive/texmf-dist/tex/generic/pgf/basiclayer/pgfcorepathusage.code
.tex
File: pgfcorepathusage.code.tex 2013/12/13  (rcs-revision 1.23)
\pgf@shorten@end@additional=\dimen152
\pgf@shorten@start@additional=\dimen153
)
(/usr/share/texlive/texmf-dist/tex/generic/pgf/basiclayer/pgfcorescopes.code.te
x
File: pgfcorescopes.code.tex 2013/10/09  (rcs-revision 1.44)
\pgfpic=\box30
\pgf@hbox=\box31
\pgf@layerbox@main=\box32
\pgf@picture@serial@count=\count117
)
(/usr/share/texlive/texmf-dist/tex/generic/pgf/basiclayer/pgfcoregraphicstate.c
ode.tex
File: pgfcoregraphicstate.code.tex 2013/09/19  (rcs-revision 1.11)
\pgflinewidth=\dimen154
)
(/usr/share/texlive/texmf-dist/tex/generic/pgf/basiclayer/pgfcoretransformation
s.code.tex
File: pgfcoretransformations.code.tex 2013/10/10  (rcs-revision 1.17)
\pgf@pt@x=\dimen155
\pgf@pt@y=\dimen156
\pgf@pt@temp=\dimen157
)
(/usr/share/texlive/texmf-dist/tex/generic/pgf/basiclayer/pgfcorequick.code.tex
File: pgfcorequick.code.tex 2008/10/09  (rcs-revision 1.3)
)
(/usr/share/texlive/texmf-dist/tex/generic/pgf/basiclayer/pgfcoreobjects.code.t
ex
File: pgfcoreobjects.code.tex 2006/10/11  (rcs-revision 1.2)
)
(/usr/share/texlive/texmf-dist/tex/generic/pgf/basiclayer/pgfcorepathprocessing
.code.tex
File: pgfcorepathprocessing.code.tex 2013/09/09  (rcs-revision 1.9)
)
(/usr/share/texlive/texmf-dist/tex/generic/pgf/basiclayer/pgfcorearrows.code.te
x
File: pgfcorearrows.code.tex 2013/11/07  (rcs-revision 1.40)
\pgfarrowsep=\dimen158
)
(/usr/share/texlive/texmf-dist/tex/generic/pgf/basiclayer/pgfcoreshade.code.tex
File: pgfcoreshade.code.tex 2013/07/15  (rcs-revision 1.15)
\pgf@max=\dimen159
\pgf@sys@shading@range@num=\count118
)
(/usr/share/texlive/texmf-dist/tex/generic/pgf/basiclayer/pgfcoreimage.code.tex
File: pgfcoreimage.code.tex 2013/07/15  (rcs-revision 1.18)

(/usr/share/texlive/texmf-dist/tex/generic/pgf/basiclayer/pgfcoreexternal.code.
tex
File: pgfcoreexternal.code.tex 2013/07/15  (rcs-revision 1.20)
\pgfexternal@startupbox=\box33
))
(/usr/share/texlive/texmf-dist/tex/generic/pgf/basiclayer/pgfcorelayers.code.te
x
File: pgfcorelayers.code.tex 2013/07/18  (rcs-revision 1.7)
)
(/usr/share/texlive/texmf-dist/tex/generic/pgf/basiclayer/pgfcoretransparency.c
ode.tex
File: pgfcoretransparency.code.tex 2013/09/30  (rcs-revision 1.5)
)
(/usr/share/texlive/texmf-dist/tex/generic/pgf/basiclayer/pgfcorepatterns.code.
tex
File: pgfcorepatterns.code.tex 2013/11/07  (rcs-revision 1.5)
)))
(/usr/share/texlive/texmf-dist/tex/generic/pgf/modules/pgfmoduleshapes.code.tex
File: pgfmoduleshapes.code.tex 2013/10/31  (rcs-revision 1.34)
\pgfnodeparttextbox=\box34
) (/usr/share/texlive/texmf-dist/tex/generic/pgf/modules/pgfmoduleplot.code.tex
File: pgfmoduleplot.code.tex 2013/07/31  (rcs-revision 1.12)
)
(/usr/share/texlive/texmf-dist/tex/latex/pgf/compatibility/pgfcomp-version-0-65
.sty
Package: pgfcomp-version-0-65 2007/07/03 v3.0.0 (rcs-revision 1.7)
\pgf@nodesepstart=\dimen160
\pgf@nodesepend=\dimen161
)
(/usr/share/texlive/texmf-dist/tex/latex/pgf/compatibility/pgfcomp-version-1-18
.sty
Package: pgfcomp-version-1-18 2007/07/23 v3.0.0 (rcs-revision 1.1)
)) (/usr/share/texlive/texmf-dist/tex/latex/pgf/utilities/pgffor.sty
(/usr/share/texlive/texmf-dist/tex/latex/pgf/utilities/pgfkeys.sty
(/usr/share/texlive/texmf-dist/tex/generic/pgf/utilities/pgfkeys.code.tex))
(/usr/share/texlive/texmf-dist/tex/latex/pgf/math/pgfmath.sty
(/usr/share/texlive/texmf-dist/tex/generic/pgf/math/pgfmath.code.tex))
(/usr/share/texlive/texmf-dist/tex/generic/pgf/utilities/pgffor.code.tex
Package: pgffor 2013/12/13 v3.0.0 (rcs-revision 1.25)

(/usr/share/texlive/texmf-dist/tex/generic/pgf/math/pgfmath.code.tex)
\pgffor@iter=\dimen162
\pgffor@skip=\dimen163
\pgffor@stack=\toks38
\pgffor@toks=\toks39
))
(/usr/share/texlive/texmf-dist/tex/generic/pgf/frontendlayer/tikz/tikz.code.tex
Package: tikz 2013/12/13 v3.0.0 (rcs-revision 1.142)

(/usr/share/texlive/texmf-dist/tex/generic/pgf/libraries/pgflibraryplothandlers
.code.tex
File: pgflibraryplothandlers.code.tex 2013/08/31 v3.0.0 (rcs-revision 1.20)
\pgf@plot@mark@count=\count119
\pgfplotmarksize=\dimen164
)
\tikz@lastx=\dimen165
\tikz@lasty=\dimen166
\tikz@lastxsaved=\dimen167
\tikz@lastysaved=\dimen168
\tikzleveldistance=\dimen169
\tikzsiblingdistance=\dimen170
\tikz@figbox=\box35
\tikz@figbox@bg=\box36
\tikz@tempbox=\box37
\tikz@tempbox@bg=\box38
\tikztreelevel=\count120
\tikznumberofchildren=\count121
\tikznumberofcurrentchild=\count122
\tikz@fig@count=\count123

(/usr/share/texlive/texmf-dist/tex/generic/pgf/modules/pgfmodulematrix.code.tex
File: pgfmodulematrix.code.tex 2013/09/17  (rcs-revision 1.8)
\pgfmatrixcurrentrow=\count124
\pgfmatrixcurrentcolumn=\count125
\pgf@matrix@numberofcolumns=\count126
)
\tikz@expandcount=\count127

(/usr/share/texlive/texmf-dist/tex/generic/pgf/frontendlayer/tikz/libraries/tik
zlibrarytopaths.code.tex
File: tikzlibrarytopaths.code.tex 2008/06/17 v3.0.0 (rcs-revision 1.2)
)))
(/usr/share/texlive/texmf-dist/tex/generic/pgf/frontendlayer/tikz/libraries/tik
zlibrarypositioning.code.tex
File: tikzlibrarypositioning.code.tex 2008/10/06 v3.0.0 (rcs-revision 1.7)
)
\c@@todonotes@numberoftodonotes=\count128
)
(/usr/share/texlive/texmf-dist/tex/latex/tools/array.sty
Package: array 2014/10/28 v2.4c Tabular extension package (FMi)
\col@sep=\dimen171
\extrarowheight=\dimen172
\NC@list=\toks40
\extratabsurround=\skip59
\backup@length=\skip60
)
(/usr/share/texlive/texmf-dist/tex/latex/natbib/natbib.sty
Package: natbib 2010/09/13 8.31b (PWD, AO)
\bibhang=\skip61
\bibsep=\skip62
LaTeX Info: Redefining \cite on input line 694.
\c@NAT@ctr=\count129
)
(/usr/share/texlive/texmf-dist/tex/latex/appendix/appendix.sty
Package: appendix 2009/09/02 v1.2b extra appendix facilities
\c@@pps=\count130
\c@@ppsavesec=\count131
\c@@ppsaveapp=\count132
)
(/usr/share/texlive/texmf-dist/tex/latex/floatrow/floatrow.sty
Package: floatrow 2008/08/02 v0.3b floatrow: float package extension

(/usr/share/texlive/texmf-dist/tex/latex/caption/caption3.sty
Package: caption3 2013/05/02 v1.6-88 caption3 kernel (AR)
Package caption3 Info: TeX engine: e-TeX on input line 57.
\captionmargin=\dimen173
\captionmargin@=\dimen174
\captionwidth=\dimen175
\caption@tempdima=\dimen176
\caption@indent=\dimen177
\caption@parindent=\dimen178
\caption@hangindent=\dimen179
)
\c@float@type=\count133
\float@exts=\toks41
\float@box=\box39
\@floatcapt=\box40
Package floatrow Info: Modified float package code loaded on input line 455.
Package floatrow Info: Modified rotfloat package code loaded on input line 473.

\FR@everyfloat=\toks42
\flrow@foot=\insert233
\FB@wd=\dimen180
\FBo@wd=\dimen181
\FBc@wd=\dimen182
\FBo@ht=\skip63
\FBc@ht=\skip64
\FBf@ht=\skip65
\FBo@max=\skip66
\FBc@max=\skip67
\FBf@max=\skip68
\c@FBl@b=\count134
\floatbox@depth=\count135
\c@FRobj=\count136
\c@FRsobj=\count137
\Xhsize=\skip69
\sXhsize=\skip70
\Zhsize=\skip71
\sZhsize=\skip72
\flrow@rowbox=\box41
\FR@Zunitlength=\dimen183
\c@FBcnt=\count138
\FPOScnt=\count139
\LTleft=\skip73
\LTright=\skip74
\LTleft=\skip75
\LTright=\skip76
\flrow@types=\toks43
)
(/usr/share/texlive/texmf-dist/tex/latex/colortbl/colortbl.sty
Package: colortbl 2012/02/13 v1.0a Color table columns (DPC)
\everycr=\toks44
\minrowclearance=\skip77
)
(/usr/share/texlive/texmf-dist/tex/latex/algorithms/algorithm.sty
Package: algorithm 2009/08/24 v0.1 Document Style `algorithm' - floating enviro
nment
\c@algorithm=\count140
)
(/usr/share/texlive/texmf-dist/tex/latex/algorithms/algorithmic.sty
Package: algorithmic 2009/08/24 v0.1 Document Style `algorithmic'
\c@ALC@unique=\count141
\c@ALC@line=\count142
\c@ALC@rem=\count143
\c@ALC@depth=\count144
\ALC@tlm=\skip78
\algorithmicindent=\skip79
)
(/usr/share/texlive/texmf-dist/tex/latex/cite/chapterbib.sty
\c@inputfile=\count145
Package: chapterbib 2010/09/18  v 1.17
)
\c@example=\count146
\c@definition=\count147
\c@conj=\count148
\c@lemma=\count149
\c@prop=\count150
\c@notation=\count151
) (./main.aux)
\openout1 = `main.aux'.

LaTeX Font Info:    Checking defaults for OML/cmm/m/it on input line 5.
LaTeX Font Info:    ... okay on input line 5.
LaTeX Font Info:    Checking defaults for T1/cmr/m/n on input line 5.
LaTeX Font Info:    ... okay on input line 5.
LaTeX Font Info:    Checking defaults for OT1/cmr/m/n on input line 5.
LaTeX Font Info:    ... okay on input line 5.
LaTeX Font Info:    Checking defaults for OMS/cmsy/m/n on input line 5.
LaTeX Font Info:    ... okay on input line 5.
LaTeX Font Info:    Checking defaults for OMX/cmex/m/n on input line 5.
LaTeX Font Info:    ... okay on input line 5.
LaTeX Font Info:    Checking defaults for U/cmr/m/n on input line 5.
LaTeX Font Info:    ... okay on input line 5.

(/usr/share/texlive/texmf-dist/tex/context/base/supp-pdf.mkii
[Loading MPS to PDF converter (version 2006.09.02).]
\scratchcounter=\count152
\scratchdimen=\dimen184
\scratchbox=\box42
\nofMPsegments=\count153
\nofMParguments=\count154
\everyMPshowfont=\toks45
\MPscratchCnt=\count155
\MPscratchDim=\dimen185
\MPnumerator=\count156
\makeMPintoPDFobject=\count157
\everyMPtoPDFconversion=\toks46
) (/usr/share/texlive/texmf-dist/tex/generic/oberdiek/pdftexcmds.sty
Package: pdftexcmds 2011/11/29 v0.20 Utility functions of pdfTeX for LuaTeX (HO
)

(/usr/share/texlive/texmf-dist/tex/generic/oberdiek/ifluatex.sty
Package: ifluatex 2010/03/01 v1.3 Provides the ifluatex switch (HO)
Package ifluatex Info: LuaTeX not detected.
)
(/usr/share/texlive/texmf-dist/tex/generic/oberdiek/ifpdf.sty
Package: ifpdf 2011/01/30 v2.3 Provides the ifpdf switch (HO)
Package ifpdf Info: pdfTeX in PDF mode is detected.
)
Package pdftexcmds Info: LuaTeX not detected.
Package pdftexcmds Info: \pdf@primitive is available.
Package pdftexcmds Info: \pdf@ifprimitive is available.
Package pdftexcmds Info: \pdfdraftmode found.
)
(/usr/share/texlive/texmf-dist/tex/latex/oberdiek/epstopdf-base.sty
Package: epstopdf-base 2010/02/09 v2.5 Base part for package epstopdf

(/usr/share/texlive/texmf-dist/tex/latex/oberdiek/grfext.sty
Package: grfext 2010/08/19 v1.1 Manage graphics extensions (HO)

(/usr/share/texlive/texmf-dist/tex/generic/oberdiek/kvdefinekeys.sty
Package: kvdefinekeys 2011/04/07 v1.3 Define keys (HO)
))
(/usr/share/texlive/texmf-dist/tex/latex/oberdiek/kvoptions.sty
Package: kvoptions 2011/06/30 v3.11 Key value format for package options (HO)

(/usr/share/texlive/texmf-dist/tex/generic/oberdiek/kvsetkeys.sty
Package: kvsetkeys 2012/04/25 v1.16 Key value parser (HO)

(/usr/share/texlive/texmf-dist/tex/generic/oberdiek/etexcmds.sty
Package: etexcmds 2011/02/16 v1.5 Avoid name clashes with e-TeX commands (HO)
Package etexcmds Info: Could not find \expanded.
(etexcmds)             That can mean that you are not using pdfTeX 1.50 or
(etexcmds)             that some package has redefined \expanded.
(etexcmds)             In the latter case, load this package earlier.
)))
Package grfext Info: Graphics extension search list:
(grfext)             [.png,.pdf,.jpg,.mps,.jpeg,.jbig2,.jb2,.PNG,.PDF,.JPG,.JPE
G,.JBIG2,.JB2,.eps]
(grfext)             \AppendGraphicsExtensions on input line 452.

(/usr/share/texlive/texmf-dist/tex/latex/latexconfig/epstopdf-sys.cfg
File: epstopdf-sys.cfg 2010/07/13 v1.3 Configuration of (r)epstopdf for TeX Liv
e
))
ABD: EveryShipout initializing macros
Package caption Info: Begin \AtBeginDocument code.
Package caption Info: End \AtBeginDocument code.
 (./repredux.tex
LaTeX Font Info:    Try loading font information for U+msa on input line 12.

(/usr/share/texlive/texmf-dist/tex/latex/amsfonts/umsa.fd
File: umsa.fd 2013/01/14 v3.01 AMS symbols A
)
LaTeX Font Info:    Try loading font information for U+msb on input line 12.

(/usr/share/texlive/texmf-dist/tex/latex/amsfonts/umsb.fd
File: umsb.fd 2013/01/14 v3.01 AMS symbols B
)
<media/overcomplete_decision.pdf, id=4, 170.58376pt x 111.617pt>
File: media/overcomplete_decision.pdf Graphic file (type pdf)

<use media/overcomplete_decision.pdf>
Package pdftex.def Info: media/overcomplete_decision.pdf used on input line 64.

(pdftex.def)             Requested size: 119.40779pt x 78.13135pt.
File: media/overcomplete_decision.pdf Graphic file (type pdf)
 <use media/overcomplete_decision.pdf>
Package pdftex.def Info: media/overcomplete_decision.pdf used on input line 64.

(pdftex.def)             Requested size: 119.40779pt x 78.13135pt.
File: media/overcomplete_decision.pdf Graphic file (type pdf)

<use media/overcomplete_decision.pdf>
Package pdftex.def Info: media/overcomplete_decision.pdf used on input line 64.

(pdftex.def)             Requested size: 119.40779pt x 78.13135pt.

<media/overcomplete-2.pdf, id=5, 145.1387pt x 91.24088pt>
File: media/overcomplete-2.pdf Graphic file (type pdf)

<use media/overcomplete-2.pdf>
Package pdftex.def Info: media/overcomplete-2.pdf used on input line 68.
(pdftex.def)             Requested size: 101.59639pt x 63.86815pt.
File: media/overcomplete-2.pdf Graphic file (type pdf)
 <use media/overcomplete-2.pdf>
Package pdftex.def Info: media/overcomplete-2.pdf used on input line 68.
(pdftex.def)             Requested size: 101.59639pt x 63.86815pt.
File: media/overcomplete-2.pdf Graphic file (type pdf)

<use media/overcomplete-2.pdf>
Package pdftex.def Info: media/overcomplete-2.pdf used on input line 68.
(pdftex.def)             Requested size: 101.59639pt x 63.86815pt.

Overfull \hbox (23.09096pt too wide) detected at line 69
 [] 
 []

<media/complete_decision.pdf, id=6, 143.53625pt x 112.42pt>
File: media/complete_decision.pdf Graphic file (type pdf)

<use media/complete_decision.pdf>
Package pdftex.def Info: media/complete_decision.pdf used on input line 91.
(pdftex.def)             Requested size: 100.47467pt x 78.69345pt.
File: media/complete_decision.pdf Graphic file (type pdf)
 <use media/complete_decision.pdf>
Package pdftex.def Info: media/complete_decision.pdf used on input line 91.
(pdftex.def)             Requested size: 100.47467pt x 78.69345pt.
File: media/complete_decision.pdf Graphic file (type pdf)

<use media/complete_decision.pdf>
Package pdftex.def Info: media/complete_decision.pdf used on input line 91.
(pdftex.def)             Requested size: 100.47467pt x 78.69345pt.

<media/complete-2.pdf, id=7, 79.84476pt x 91.24088pt>
File: media/complete-2.pdf Graphic file (type pdf)

<use media/complete-2.pdf>
Package pdftex.def Info: media/complete-2.pdf used on input line 98.
(pdftex.def)             Requested size: 55.89095pt x 63.86815pt.
File: media/complete-2.pdf Graphic file (type pdf)
 <use media/complete-2.pdf>
Package pdftex.def Info: media/complete-2.pdf used on input line 98.
(pdftex.def)             Requested size: 55.89095pt x 63.86815pt.
File: media/complete-2.pdf Graphic file (type pdf)

<use media/complete-2.pdf>
Package pdftex.def Info: media/complete-2.pdf used on input line 98.
(pdftex.def)             Requested size: 55.89095pt x 63.86815pt.


LaTeX Warning: `h' float specifier changed to `ht'.

[1

{/var/lib/texmf/fonts/map/pdftex/updmap/pdftex.map}]
Overfull \hbox (5.35213pt too wide) in paragraph at lines 150--150
[] 
 []

[2 <./media/overcomplete_decision.pdf> <./media/overcomplete-2.pdf

pdfTeX warning: /usr/bin/pdflatex (file ./media/overcomplete-2.pdf): PDF inclus
ion: multiple pdfs with page group included in a single page
> <./media/complete_decision.pdf

pdfTeX warning: /usr/bin/pdflatex (file ./media/complete_decision.pdf): PDF inc
lusion: multiple pdfs with page group included in a single page
> <./media/complete-2.pdf

pdfTeX warning: /usr/bin/pdflatex (file ./media/complete-2.pdf): PDF inclusion:
 multiple pdfs with page group included in a single page
>]
Overfull \hbox (20.33461pt too wide) in paragraph at lines 154--155
[]\OT1/cmr/bx/n/10 Example 2.3 \OT1/cmr/m/n/10 (In-com-plete-ly-De-ter-mined Po
li-cies)\OT1/cmr/bx/n/10 . []\OT1/cmr/m/n/10 Let $\OMS/cmsy/m/n/10 C \OT1/cmr/m
/n/10 = \OMS/cmsy/m/n/10 f;\OML/cmm/m/it/10 ; \OT1/cmr/m/n/10 (1)\OML/cmm/m/it/
10 ; \OT1/cmr/m/n/10 (2)\OML/cmm/m/it/10 ; \OT1/cmr/m/n/10 (1\OML/cmm/m/it/10 ;
 \OT1/cmr/m/n/10 2)\OML/cmm/m/it/10 ; \OT1/cmr/m/n/10 (2\OML/cmm/m/it/10 ; \OT1
/cmr/m/n/10 1)\OMS/cmsy/m/n/10 g$\OT1/cmr/m/n/10 ,
 []

<media/simple_decision.pdf, id=161, 101.52675pt x 111.616pt>
File: media/simple_decision.pdf Graphic file (type pdf)

<use media/simple_decision.pdf>
Package pdftex.def Info: media/simple_decision.pdf used on input line 179.
(pdftex.def)             Requested size: 71.0682pt x 78.13066pt.
File: media/simple_decision.pdf Graphic file (type pdf)
 <use media/simple_decision.pdf>
Package pdftex.def Info: media/simple_decision.pdf used on input line 179.
(pdftex.def)             Requested size: 71.0682pt x 78.13066pt.
File: media/simple_decision.pdf Graphic file (type pdf)

<use media/simple_decision.pdf>
Package pdftex.def Info: media/simple_decision.pdf used on input line 179.
(pdftex.def)             Requested size: 71.0682pt x 78.13066pt.
File: media/complete-2.pdf Graphic file (type pdf)
 <use media/complete-2.pdf>
Package pdftex.def Info: media/complete-2.pdf used on input line 195.
(pdftex.def)             Requested size: 55.89095pt x 63.86815pt.
File: media/complete-2.pdf Graphic file (type pdf)

<use media/complete-2.pdf>
Package pdftex.def Info: media/complete-2.pdf used on input line 195.
(pdftex.def)             Requested size: 55.89095pt x 63.86815pt.
File: media/complete-2.pdf Graphic file (type pdf)
 <use media/complete-2.pdf>
Package pdftex.def Info: media/complete-2.pdf used on input line 195.
(pdftex.def)             Requested size: 55.89095pt x 63.86815pt.

Overfull \hbox (26.82472pt too wide) detected at line 196
 [] 
 []


Overfull \hbox (1.38951pt too wide) in paragraph at lines 160--200
\OT1/cmr/m/n/10 Observe that the min-i-mal pol-icy is the same as that of the c
ompletely-determined
 []

<media/random_alg-1.pdf, id=162, 480.79625pt x 474.77374pt>
File: media/random_alg-1.pdf Graphic file (type pdf)

<use media/random_alg-1.pdf>
Package pdftex.def Info: media/random_alg-1.pdf used on input line 216.
(pdftex.def)             Requested size: 146.37486pt x 144.54pt.

<media/random_adj.pdf, id=163, 291.0875pt x 288.07625pt>
File: media/random_adj.pdf Graphic file (type pdf)

<use media/random_adj.pdf>
Package pdftex.def Info: media/random_adj.pdf used on input line 218.
(pdftex.def)             Requested size: 146.05417pt x 144.54pt.

<media/random_cliques.pdf, id=164, 834.04187pt x 722.7pt>
File: media/random_cliques.pdf Graphic file (type pdf)

<use media/random_cliques.pdf>
Package pdftex.def Info: media/random_cliques.pdf used on input line 223.
(pdftex.def)             Requested size: 166.8054pt x 144.54pt.

<media/random_alg-2.pdf, id=165, 240.06836pt x 394.09232pt>
File: media/random_alg-2.pdf Graphic file (type pdf)

<use media/random_alg-2.pdf>
Package pdftex.def Info: media/random_alg-2.pdf used on input line 226.
(pdftex.def)             Requested size: 88.05096pt x 144.54pt.

Underfull \hbox (badness 1881) in paragraph at lines 226--226
[]\OT1/cmr/m/n/8 (d) Re-duced Rep-re-sen-
 []


Underfull \hbox (badness 1331) in paragraph at lines 232--232
\OT1/cmr/m/n/10 least one state in the clique. Then, a new clique is be-gun. He
re,
 []

[3 <./media/simple_decision.pdf> <./media/random_alg-1.pdf> <./media/random_adj
.pdf>]
Overfull \hbox (76.45125pt too wide) in paragraph at lines 248--249
[]\OT1/cmr/bx/n/10 Example 3.1 \OT1/cmr/m/n/10 (Non--Tran-si-tive Re-ducibil-it
y)\OT1/cmr/bx/n/10 . []\OT1/cmr/m/n/10 Sup-pose $\OMS/cmsy/m/n/10 Y \OT1/cmr/m/
n/10 = \OMS/cmsy/m/n/10 f\OT1/cmr/m/n/10 1\OML/cmm/m/it/10 ; \OT1/cmr/m/n/10 2\
OML/cmm/m/it/10 ; \OT1/cmr/m/n/10 3\OMS/cmsy/m/n/10 g$\OT1/cmr/m/n/10 , $\OMS/c
msy/m/n/10 C \OT1/cmr/m/n/10 = \OMS/cmsy/m/n/10 f;\OML/cmm/m/it/10 ; \OT1/cmr/m
/n/10 (1)\OML/cmm/m/it/10 ; \OT1/cmr/m/n/10 (2)\OML/cmm/m/it/10 ; \OT1/cmr/m/n/
10 (1\OML/cmm/m/it/10 ; \OT1/cmr/m/n/10 3)\OML/cmm/m/it/10 ; \OT1/cmr/m/n/10 (2
\OML/cmm/m/it/10 ; \OT1/cmr/m/n/10 3)\OMS/cmsy/m/n/10 g$\OT1/cmr/m/n/10 ,
 []

<cdiag1.pdf, id=250, 218.8175pt x 244.915pt>
File: cdiag1.pdf Graphic file (type pdf)
 <use cdiag1.pdf>
Package pdftex.def Info: cdiag1.pdf used on input line 301.
(pdftex.def)             Requested size: 129.14127pt x 144.54pt.

<cdiag2.pdf, id=251, 218.8175pt x 248.93pt>
File: cdiag2.pdf Graphic file (type pdf)
 <use cdiag2.pdf>
Package pdftex.def Info: cdiag2.pdf used on input line 302.
(pdftex.def)             Requested size: 127.0578pt x 144.54pt.

<cdiag3.pdf, id=252, 179.61552pt x 210.68073pt>
File: cdiag3.pdf Graphic file (type pdf)
 <use cdiag3.pdf>
Package pdftex.def Info: cdiag3.pdf used on input line 303.
(pdftex.def)             Requested size: 72.26999pt x 84.76907pt.
 [4 <./media/random_cliques.pdf> <./media/random_alg-2.pdf

pdfTeX warning: /usr/bin/pdflatex (file ./media/random_alg-2.pdf): PDF inclusio
n: multiple pdfs with page group included in a single page
>] [5 <./cdiag1.pdf> <./cdiag2.pdf> <./cdiag3.pdf>]
<bad_greedy.pdf, id=298, 401.61472pt x 250.53596pt>
File: bad_greedy.pdf Graphic file (type pdf)
 <use bad_greedy.pdf>
Package pdftex.def Info: bad_greedy.pdf used on input line 363.
(pdftex.def)             Requested size: 401.61372pt x 250.53534pt.

<good_greedy.pdf, id=299, 401.61472pt x 250.53596pt>
File: good_greedy.pdf Graphic file (type pdf)
 <use good_greedy.pdf>
Package pdftex.def Info: good_greedy.pdf used on input line 365.
(pdftex.def)             Requested size: 401.61372pt x 250.53534pt.

Overfull \hbox (59.94705pt too wide) in paragraph at lines 363--368
 [][] 
 []


Overfull \hbox (59.94705pt too wide) in paragraph at lines 363--368
 [] 
 []

[6] [7 <./bad_greedy.pdf> <./good_greedy.pdf

pdfTeX warning: /usr/bin/pdflatex (file ./good_greedy.pdf): PDF inclusion: mult
iple pdfs with page group included in a single page
>] <poiss_size.jpg, id=312, 481.8pt x 385.44pt>
File: poiss_size.jpg Graphic file (type jpg)
 <use poiss_size.jpg>
Package pdftex.def Info: poiss_size.jpg used on input line 395.
(pdftex.def)             Requested size: 162.60416pt x 130.08621pt.

<big_tree_left.pdf, id=313, 376.40625pt x 718.685pt>
File: big_tree_left.pdf Graphic file (type pdf)
 <use big_tree_left.pdf>
Package pdftex.def Info: big_tree_left.pdf used on input line 397.
(pdftex.def)             Requested size: 68.12926pt x 130.08621pt.

<big_patho_tree.pdf, id=314, 592.2125pt x 233.87375pt>
File: big_patho_tree.pdf Graphic file (type pdf)

<use big_patho_tree.pdf>
Package pdftex.def Info: big_patho_tree.pdf used on input line 414.
(pdftex.def)             Requested size: 289.07999pt x 114.16376pt.
 <orig.pdf, id=315, 274.02374pt x 314.17375pt>
File: orig.pdf Graphic file (type pdf)

<use orig.pdf>
Package pdftex.def Info: orig.pdf used on input line 428.
(pdftex.def)             Requested size: 68.50577pt x 78.54324pt.
 <censi.pdf, id=316, 73.27374pt x 220.825pt>
File: censi.pdf Graphic file (type pdf)
 <use censi.pdf>
Package pdftex.def Info: censi.pdf used on input line 431.
(pdftex.def)             Requested size: 21.98228pt x 66.248pt.

<josh.pdf, id=317, 97.36375pt x 238.8925pt>
File: josh.pdf Graphic file (type pdf)
 <use josh.pdf>
Package pdftex.def Info: josh.pdf used on input line 434.
(pdftex.def)             Requested size: 29.20934pt x 71.66829pt.

<alberto.pdf, id=318, 97.36375pt x 238.8925pt>
File: alberto.pdf Graphic file (type pdf)
 <use alberto.pdf>
Package pdftex.def Info: alberto.pdf used on input line 437.
(pdftex.def)             Requested size: 29.20934pt x 71.66829pt.

<exact.pdf, id=319, 73.27374pt x 142.5325pt>
File: exact.pdf Graphic file (type pdf)
 <use exact.pdf>
Package pdftex.def Info: exact.pdf used on input line 440.
(pdftex.def)             Requested size: 21.98228pt x 42.76007pt.

<poiss_orig.jpg, id=320, 473.77pt x 385.44pt>
File: poiss_orig.jpg Graphic file (type jpg)
 <use poiss_orig.jpg>
Package pdftex.def Info: poiss_orig.jpg used on input line 453.
(pdftex.def)             Requested size: 151.00948pt x 122.85876pt.

<patho_orig.jpg, id=321, 473.77pt x 385.44pt>
File: patho_orig.jpg Graphic file (type jpg)
 <use patho_orig.jpg>
Package pdftex.def Info: patho_orig.jpg used on input line 455.
(pdftex.def)             Requested size: 151.00948pt x 122.85876pt.

<poiss_exact.jpg, id=322, 473.77pt x 385.44pt>
File: poiss_exact.jpg Graphic file (type jpg)
 <use poiss_exact.jpg>
Package pdftex.def Info: poiss_exact.jpg used on input line 457.
(pdftex.def)             Requested size: 151.00948pt x 122.85876pt.

<patho_exact.jpg, id=323, 473.77pt x 385.44pt>
File: patho_exact.jpg Graphic file (type jpg)
 <use patho_exact.jpg>
Package pdftex.def Info: patho_exact.jpg used on input line 459.
(pdftex.def)             Requested size: 151.00948pt x 122.85876pt.

<poiss_time.jpg, id=324, 481.8pt x 385.44pt>
File: poiss_time.jpg Graphic file (type jpg)
 <use poiss_time.jpg>
Package pdftex.def Info: poiss_time.jpg used on input line 461.
(pdftex.def)             Requested size: 153.56895pt x 122.85876pt.

<patho_time.jpg, id=325, 481.8pt x 385.44pt>
File: patho_time.jpg Graphic file (type jpg)
 <use patho_time.jpg>
Package pdftex.def Info: patho_time.jpg used on input line 463.
(pdftex.def)             Requested size: 153.56895pt x 122.85876pt.
) [8 <./poiss_size.jpg> <./big_tree_left.pdf> <./big_patho_tree.pdf

pdfTeX warning: /usr/bin/pdflatex (file ./big_patho_tree.pdf): PDF inclusion: m
ultiple pdfs with page group included in a single page
>] [9 <./orig.pdf> <./censi.pdf

pdfTeX warning: /usr/bin/pdflatex (file ./censi.pdf): PDF inclusion: multiple p
dfs with page group included in a single page
> <./josh.pdf

pdfTeX warning: /usr/bin/pdflatex (file ./josh.pdf): PDF inclusion: multiple pd
fs with page group included in a single page
> <./alberto.pdf

pdfTeX warning: /usr/bin/pdflatex (file ./alberto.pdf): PDF inclusion: multiple
 pdfs with page group included in a single page
> <./exact.pdf

pdfTeX warning: /usr/bin/pdflatex (file ./exact.pdf): PDF inclusion: multiple p
dfs with page group included in a single page
>] [10 <./poiss_orig.jpg> <./patho_orig.jpg> <./poiss_exact.jpg> <./patho_exact
.jpg> <./poiss_time.jpg> <./patho_time.jpg>] (./main.aux) ) 
Here is how much of TeX's memory you used:
 15545 strings out of 493105
 293872 string characters out of 6137073
 342339 words of memory out of 5000000
 18649 multiletter control sequences out of 15000+600000
 10922 words of font info for 42 fonts, out of 8000000 for 9000
 1141 hyphenation exceptions out of 8191
 64i,19n,92p,550b,961s stack positions out of 5000i,500n,10000p,200000b,80000s
</usr/share/texlive/
texmf-dist/fonts/type1/public/amsfonts/cm/cmbx10.pfb></usr/share/texlive/texmf-
dist/fonts/type1/public/amsfonts/cm/cmbx12.pfb></usr/share/texlive/texmf-dist/f
onts/type1/public/amsfonts/cm/cmex10.pfb></usr/share/texlive/texmf-dist/fonts/t
ype1/public/amsfonts/cm/cmmi10.pfb></usr/share/texlive/texmf-dist/fonts/type1/p
ublic/amsfonts/cm/cmmi5.pfb></usr/share/texlive/texmf-dist/fonts/type1/public/a
msfonts/cm/cmmi7.pfb></usr/share/texlive/texmf-dist/fonts/type1/public/amsfonts
/cm/cmmi8.pfb></usr/share/texlive/texmf-dist/fonts/type1/public/amsfonts/cm/cmr
10.pfb></usr/share/texlive/texmf-dist/fonts/type1/public/amsfonts/cm/cmr5.pfb><
/usr/share/texlive/texmf-dist/fonts/type1/public/amsfonts/cm/cmr6.pfb></usr/sha
re/texlive/texmf-dist/fonts/type1/public/amsfonts/cm/cmr7.pfb></usr/share/texli
ve/texmf-dist/fonts/type1/public/amsfonts/cm/cmr8.pfb></usr/share/texlive/texmf
-dist/fonts/type1/public/amsfonts/cm/cmsy10.pfb></usr/share/texlive/texmf-dist/
fonts/type1/public/amsfonts/cm/cmsy5.pfb></usr/share/texlive/texmf-dist/fonts/t
ype1/public/amsfonts/cm/cmsy7.pfb></usr/share/texlive/texmf-dist/fonts/type1/pu
blic/amsfonts/cm/cmti10.pfb></usr/share/texlive/texmf-dist/fonts/type1/public/a
msfonts/symbols/msbm10.pfb></usr/share/texmf/fonts/type1/public/tex-gyre/qhvr.p
fb></usr/share/texlive/texmf-dist/fonts/type1/urw/courier/ucrr8a.pfb>
Output written on main.pdf (10 pages, 763562 bytes).
PDF statistics:
 511 PDF objects out of 1000 (max. 8388607)
 339 compressed objects within 4 object streams
 0 named destinations out of 1000 (max. 500000)
 153 words of extra memory for PDF output out of 10000 (max. 10000000)

